----- CompositionError level 1 ------
Microsoft.WebTools.Languages.LanguageServer.Delegation.DocumentMapping.CompletionItemMapper.ctor(documentMappingProvider): expected exactly 1 export matching constraints:
    Contract name: Microsoft.WebTools.Languages.LanguageServer.Delegation.Shared.DocumentMappingProvider
    TypeIdentityName: Microsoft.WebTools.Languages.LanguageServer.Delegation.Shared.DocumentMappingProvider
but found 0.
   part definition Microsoft.WebTools.Languages.LanguageServer.Delegation.DocumentMapping.CompletionItemMapper

Microsoft.VisualStudio.LanguageServices.Xaml.XamlProjectService.ctor(analyzerService): expected exactly 1 export matching constraints:
    Contract name: Microsoft.CodeAnalysis.Xaml.Diagnostics.Analyzers.IXamlDocumentAnalyzerService
    TypeIdentityName: Microsoft.CodeAnalysis.Xaml.Diagnostics.Analyzers.IXamlDocumentAnalyzerService
but found 0.
   part definition Microsoft.VisualStudio.LanguageServices.Xaml.XamlProjectService

Microsoft.WebTools.Shared.CPS.VS.Debugger.GlobalLaunchSettingsProvider.ctor(exportProvider): expected exactly 1 export matching constraints:
    Contract name: Microsoft.WebTools.Shared.VS.Contracts.IWebProjectExportProvider
    TypeIdentityName: Microsoft.WebTools.Shared.VS.Contracts.IWebProjectExportProvider
but found 0.
   part definition Microsoft.WebTools.Shared.CPS.VS.Debugger.GlobalLaunchSettingsProvider

Microsoft.WebTools.Languages.LanguageServer.Delegation.LanguageServerClient.LanguageClients.HtmlDelegationLanguageServerClient.ctor(remoteWebWorkspaceService): expected exactly 1 export matching constraints:
    Contract name: Microsoft.WebTools.Languages.LanguageServer.Delegation.Workspace.IRemoteWebWorkspaceService
    TypeIdentityName: Microsoft.WebTools.Languages.LanguageServer.Delegation.Workspace.IRemoteWebWorkspaceService
but found 0.
   part definition Microsoft.WebTools.Languages.LanguageServer.Delegation.LanguageServerClient.LanguageClients.HtmlDelegationLanguageServerClient

Microsoft.WebTools.Environments.VS.ViewModel.Wizard.Preprocessors.ConfigureDevTunnelPreprocessor.ctor(projectExportProvider): expected exactly 1 export matching constraints:
    Contract name: Microsoft.WebTools.Shared.VS.Contracts.IWebProjectExportProvider
    TypeIdentityName: Microsoft.WebTools.Shared.VS.Contracts.IWebProjectExportProvider
but found 0.
   part definition Microsoft.WebTools.Environments.VS.ViewModel.Wizard.Preprocessors.ConfigureDevTunnelPreprocessor

Microsoft.WebTools.Languages.Html.VS.Commands.HtmlDelegation.HtmlWrapWithDivCommandHandler.ctor(requestInvoker): expected exactly 1 export matching constraints:
    Contract name: Microsoft.WebTools.Languages.LanguageServer.Delegation.Shared.LSPRequestInvokerWrapper
    TypeIdentityName: Microsoft.WebTools.Languages.LanguageServer.Delegation.Shared.LSPRequestInvokerWrapper
but found 0.
   part definition Microsoft.WebTools.Languages.Html.VS.Commands.HtmlDelegation.HtmlWrapWithDivCommandHandler

Microsoft.WebTools.Languages.Shared.VS.LanguageServerClient.Workspace.RemoteWebWorkspaceFileRegistrationManager.ctor(remoteWebWorkspaceService): expected exactly 1 export matching constraints:
    Contract name: Microsoft.WebTools.Languages.LanguageServer.Delegation.Workspace.IRemoteWebWorkspaceService
    TypeIdentityName: Microsoft.WebTools.Languages.LanguageServer.Delegation.Workspace.IRemoteWebWorkspaceService
but found 0.
   part definition Microsoft.WebTools.Languages.Shared.VS.LanguageServerClient.Workspace.RemoteWebWorkspaceFileRegistrationManager

Microsoft.WebTools.Languages.Shared.VS.LanguageServerClient.Workspace.RemoteWebWorkspaceFileRegistrationManager.ctor(documentMappingProvider): expected exactly 1 export matching constraints:
    Contract name: Microsoft.WebTools.Languages.LanguageServer.Delegation.Shared.DocumentMappingProvider
    TypeIdentityName: Microsoft.WebTools.Languages.LanguageServer.Delegation.Shared.DocumentMappingProvider
but found 0.
   part definition Microsoft.WebTools.Languages.Shared.VS.LanguageServerClient.Workspace.RemoteWebWorkspaceFileRegistrationManager

Microsoft.WebTools.ProjectSystem.Components.UserSecrets.ProjectUserSecretsKeyVaultProvider.ctor(projectServices): expected exactly 1 export matching constraints:
    Contract name: Microsoft.WebTools.Shared.CPS.VS.Services.IUnconfiguredProjectCommonServices
    TypeIdentityName: Microsoft.WebTools.Shared.CPS.VS.Services.IUnconfiguredProjectCommonServices
but found 0.
   part definition Microsoft.WebTools.ProjectSystem.Components.UserSecrets.ProjectUserSecretsKeyVaultProvider

Microsoft.WebTools.ProjectSystem.WebServer.WebServerSupportServices.ctor(cssHotReloadServices): expected exactly 1 export matching constraints:
    Contract name: Microsoft.WebTools.ProjectSystem.Components.HotReload.ICssHotReloadServices
    TypeIdentityName: Microsoft.WebTools.ProjectSystem.Components.HotReload.ICssHotReloadServices
but found 0.
   part definition Microsoft.WebTools.ProjectSystem.WebServer.WebServerSupportServices

Microsoft.WebTools.ProjectSystem.WebServer.WebServerSupportServices.ctor(devTunnelLaunchAction): expected exactly 1 export matching constraints:
    Contract name: Microsoft.WebTools.Shared.VS.CPS.Contracts.IDevTunnelLaunchAction
    TypeIdentityName: Microsoft.WebTools.Shared.VS.CPS.Contracts.IDevTunnelLaunchAction
but found 0.
   part definition Microsoft.WebTools.ProjectSystem.WebServer.WebServerSupportServices

Microsoft.WebTools.ProjectSystem.WebServer.WebServerSupportServices.ctor(hotReloadAgent): expected exactly 1 export matching constraints:
    Contract name: Microsoft.WebTools.ProjectSystem.HotReload.IWebHotReloadAgent
    TypeIdentityName: Microsoft.WebTools.ProjectSystem.HotReload.IWebHotReloadAgent
but found 0.
   part definition Microsoft.WebTools.ProjectSystem.WebServer.WebServerSupportServices

Microsoft.WebTools.ProjectSystem.WebServer.WebServerSupportServices.ctor(projectExportProvider): expected exactly 1 export matching constraints:
    Contract name: Microsoft.WebTools.Shared.VS.Contracts.IWebProjectExportProvider
    TypeIdentityName: Microsoft.WebTools.Shared.VS.Contracts.IWebProjectExportProvider
but found 0.
   part definition Microsoft.WebTools.ProjectSystem.WebServer.WebServerSupportServices

Microsoft.WebTools.ProjectSystem.WebServer.WebServerSupportServices.ctor(projectServices): expected exactly 1 export matching constraints:
    Contract name: Microsoft.WebTools.Shared.CPS.VS.Services.IUnconfiguredProjectCommonServices
    TypeIdentityName: Microsoft.WebTools.Shared.CPS.VS.Services.IUnconfiguredProjectCommonServices
but found 0.
   part definition Microsoft.WebTools.ProjectSystem.WebServer.WebServerSupportServices

Microsoft.WebTools.Languages.Shared.VS.Adornments.DocumentColorAdornmentTaggerProvider.ctor(requestInvokerWrapper): expected exactly 1 export matching constraints:
    Contract name: Microsoft.WebTools.Languages.LanguageServer.Delegation.Shared.LSPRequestInvokerWrapper
    TypeIdentityName: Microsoft.WebTools.Languages.LanguageServer.Delegation.Shared.LSPRequestInvokerWrapper
but found 0.
   part definition Microsoft.WebTools.Languages.Shared.VS.Adornments.DocumentColorAdornmentTaggerProvider

Microsoft.CodeAnalysis.ExternalAccess.FSharp.Internal.Editor.FSharpGoToDefinitionService.ctor(service): expected exactly 1 export matching constraints:
    Contract name: Microsoft.CodeAnalysis.ExternalAccess.FSharp.Editor.IFSharpGoToDefinitionService
    TypeIdentityName: Microsoft.CodeAnalysis.ExternalAccess.FSharp.Editor.IFSharpGoToDefinitionService
but found 0.
   part definition Microsoft.CodeAnalysis.ExternalAccess.FSharp.Internal.Editor.FSharpGoToDefinitionService

Microsoft.WebTools.Shared.CPS.VS.Services.UnconfiguredProjectVsServices.ctor(commonServices): expected exactly 1 export matching constraints:
    Contract name: Microsoft.WebTools.Shared.CPS.VS.Services.IUnconfiguredProjectCommonServices
    TypeIdentityName: Microsoft.WebTools.Shared.CPS.VS.Services.IUnconfiguredProjectCommonServices
but found 0.
   part definition Microsoft.WebTools.Shared.CPS.VS.Services.UnconfiguredProjectVsServices

Microsoft.VisualStudio.LanguageServices.Xaml.Implementation.LanguageServer.Handler.Diagnostics.WorkspacePullDiagnosticHandler.ctor(xamlPullDiagnosticService): expected exactly 1 export matching constraints:
    Contract name: Microsoft.VisualStudio.LanguageServices.Xaml.Features.Diagnostics.IXamlPullDiagnosticService
    TypeIdentityName: Microsoft.VisualStudio.LanguageServices.Xaml.Features.Diagnostics.IXamlPullDiagnosticService
but found 0.
   part definition Microsoft.VisualStudio.LanguageServices.Xaml.Implementation.LanguageServer.Handler.Diagnostics.WorkspacePullDiagnosticHandler

Microsoft.CodeAnalysis.ExternalAccess.FSharp.Internal.GoToDefinition.FSharpFindDefinitionService.ctor(service): expected exactly 1 export matching constraints:
    Contract name: Microsoft.CodeAnalysis.ExternalAccess.FSharp.GoToDefinition.IFSharpFindDefinitionService
    TypeIdentityName: Microsoft.CodeAnalysis.ExternalAccess.FSharp.GoToDefinition.IFSharpFindDefinitionService
but found 0.
   part definition Microsoft.CodeAnalysis.ExternalAccess.FSharp.Internal.GoToDefinition.FSharpFindDefinitionService

Microsoft.CodeAnalysis.ExternalAccess.FSharp.Internal.SignatureHelp.FSharpSignatureHelpProvider.ctor(provider): expected exactly 1 export matching constraints:
    Contract name: Microsoft.CodeAnalysis.ExternalAccess.FSharp.SignatureHelp.IFSharpSignatureHelpProvider
    TypeIdentityName: Microsoft.CodeAnalysis.ExternalAccess.FSharp.SignatureHelp.IFSharpSignatureHelpProvider
but found 0.
   part definition Microsoft.CodeAnalysis.ExternalAccess.FSharp.Internal.SignatureHelp.FSharpSignatureHelpProvider

Microsoft.WebTools.ProjectSystem.Commands.WebVSStd97CommandSetHandler.ctor(webServerStateManager): expected exactly 1 export matching constraints:
    Contract name: Microsoft.WebTools.ProjectSystem.WebServer.IWebServerStateManagerInternal
    TypeIdentityName: Microsoft.WebTools.ProjectSystem.WebServer.IWebServerStateManagerInternal
but found 0.
   part definition Microsoft.WebTools.ProjectSystem.Commands.WebVSStd97CommandSetHandler

Microsoft.VisualStudio.LanguageServices.Implementation.UnusedReferences.VisualStudioReferenceCleanupService.ctor(projectSystemReferenceUpdateService): expected exactly 1 export matching constraints:
    Contract name: Microsoft.VisualStudio.LanguageServices.ExternalAccess.ProjectSystem.Api.IProjectSystemReferenceCleanupService
    TypeIdentityName: Microsoft.VisualStudio.LanguageServices.ExternalAccess.ProjectSystem.Api.IProjectSystemReferenceCleanupService
but found 0.
   part definition Microsoft.VisualStudio.LanguageServices.Implementation.UnusedReferences.VisualStudioReferenceCleanupService

Microsoft.WebTools.ProjectSystem.CommonServices.SupportedAspNetFeaturesService.ctor(projectServices): expected exactly 1 export matching constraints:
    Contract name: Microsoft.WebTools.Shared.CPS.VS.Services.IUnconfiguredProjectCommonServices
    TypeIdentityName: Microsoft.WebTools.Shared.CPS.VS.Services.IUnconfiguredProjectCommonServices
but found 0.
   part definition Microsoft.WebTools.ProjectSystem.CommonServices.SupportedAspNetFeaturesService

Microsoft.WebTools.ProjectSystem.Components.UserSecrets.ProjectUserSecretsJsonConnectionStringsHandler.ctor(projectServices): expected exactly 1 export matching constraints:
    Contract name: Microsoft.WebTools.Shared.CPS.VS.Services.IUnconfiguredProjectCommonServices
    TypeIdentityName: Microsoft.WebTools.Shared.CPS.VS.Services.IUnconfiguredProjectCommonServices
but found 0.
   part definition Microsoft.WebTools.ProjectSystem.Components.UserSecrets.ProjectUserSecretsJsonConnectionStringsHandler

Microsoft.WebTools.ProjectSystem.Nexus.BrowserLaunchServiceImpl.ctor(projectExportProvider): expected exactly 1 export matching constraints:
    Contract name: Microsoft.WebTools.Shared.VS.Contracts.IWebProjectExportProvider
    TypeIdentityName: Microsoft.WebTools.Shared.VS.Contracts.IWebProjectExportProvider
but found 0.
   part definition Microsoft.WebTools.ProjectSystem.Nexus.BrowserLaunchServiceImpl

Microsoft.CodeAnalysis.ExternalAccess.FSharp.Internal.Editor.Implementation.Debugging.FSharpBreakpointResolutionService.ctor(service): expected exactly 1 export matching constraints:
    Contract name: Microsoft.CodeAnalysis.ExternalAccess.FSharp.Editor.Implementation.Debugging.IFSharpBreakpointResolutionService
    TypeIdentityName: Microsoft.CodeAnalysis.ExternalAccess.FSharp.Editor.Implementation.Debugging.IFSharpBreakpointResolutionService
but found 0.
   part definition Microsoft.CodeAnalysis.ExternalAccess.FSharp.Internal.Editor.Implementation.Debugging.FSharpBreakpointResolutionService

Microsoft.CodeAnalysis.ExternalAccess.FSharp.Internal.Diagnostics.FSharpSimplifyNameDiagnosticAnalyzerService.ctor(analyzer): expected exactly 1 export matching constraints:
    Contract name: Microsoft.CodeAnalysis.ExternalAccess.FSharp.Diagnostics.IFSharpSimplifyNameDiagnosticAnalyzer
    TypeIdentityName: Microsoft.CodeAnalysis.ExternalAccess.FSharp.Diagnostics.IFSharpSimplifyNameDiagnosticAnalyzer
but found 0.
   part definition Microsoft.CodeAnalysis.ExternalAccess.FSharp.Internal.Diagnostics.FSharpSimplifyNameDiagnosticAnalyzerService

Microsoft.CodeAnalysis.Editor.Xaml.Features.InlineRename.XamlEditorInlineRenameService.ctor(renameService): expected exactly 1 export matching constraints:
    Contract name: Microsoft.CodeAnalysis.Editor.Xaml.Features.InlineRename.IXamlRenameInfoService
    TypeIdentityName: Microsoft.CodeAnalysis.Editor.Xaml.Features.InlineRename.IXamlRenameInfoService
but found 0.
   part definition Microsoft.CodeAnalysis.Editor.Xaml.Features.InlineRename.XamlEditorInlineRenameService

Microsoft.CodeAnalysis.ExternalAccess.FSharp.Internal.Diagnostics.FSharpDocumentDiagnosticAnalyzerService.ctor(analyzer): expected exactly 1 export matching constraints:
    Contract name: Microsoft.CodeAnalysis.ExternalAccess.FSharp.Diagnostics.IFSharpDocumentDiagnosticAnalyzer
    TypeIdentityName: Microsoft.CodeAnalysis.ExternalAccess.FSharp.Diagnostics.IFSharpDocumentDiagnosticAnalyzer
but found 0.
   part definition Microsoft.CodeAnalysis.ExternalAccess.FSharp.Internal.Diagnostics.FSharpDocumentDiagnosticAnalyzerService

Microsoft.CodeAnalysis.ExternalAccess.FSharp.Internal.Editor.FSharpNavigationBarItemService.ctor(service): expected exactly 1 export matching constraints:
    Contract name: Microsoft.CodeAnalysis.ExternalAccess.FSharp.Editor.IFSharpNavigationBarItemService
    TypeIdentityName: Microsoft.CodeAnalysis.ExternalAccess.FSharp.Editor.IFSharpNavigationBarItemService
but found 0.
   part definition Microsoft.CodeAnalysis.ExternalAccess.FSharp.Internal.Editor.FSharpNavigationBarItemService

Microsoft.WebTools.Shared.FeatureDetection.ServiceConnector.ServiceConnectorDetectionEngine.ctor(serviceConnectorManager): expected exactly 1 export matching constraints:
    Contract name: Microsoft.WebTools.Shared.Services.IAzureServiceConnectorManager
    TypeIdentityName: Microsoft.WebTools.Shared.Services.IAzureServiceConnectorManager
but found 0.
   part definition Microsoft.WebTools.Shared.FeatureDetection.ServiceConnector.ServiceConnectorDetectionEngine

Microsoft.WebTools.ProjectSystem.Debugger.BrowseUrlServices.ctor(webServerStateManager): expected exactly 1 export matching constraints:
    Contract name: Microsoft.WebTools.ProjectSystem.WebServer.IWebServerStateManagerInternal
    TypeIdentityName: Microsoft.WebTools.ProjectSystem.WebServer.IWebServerStateManagerInternal
but found 0.
   part definition Microsoft.WebTools.ProjectSystem.Debugger.BrowseUrlServices

Microsoft.WebTools.ProjectSystem.Publish.PublishLoader.ctor(publishService): expected exactly 1 export matching constraints:
    Contract name: Microsoft.VisualStudio.Web.PublishContract.IPublishContract
    TypeIdentityName: Microsoft.VisualStudio.Web.PublishContract.IPublishContract
but found 0.
   part definition Microsoft.WebTools.ProjectSystem.Publish.PublishLoader

Microsoft.CodeAnalysis.ExternalAccess.FSharp.Internal.Editor.FSharpBraceMatcher.ctor(braceMatcher): expected exactly 1 export matching constraints:
    Contract name: Microsoft.CodeAnalysis.ExternalAccess.FSharp.Editor.IFSharpBraceMatcher
    TypeIdentityName: Microsoft.CodeAnalysis.ExternalAccess.FSharp.Editor.IFSharpBraceMatcher
but found 0.
   part definition Microsoft.CodeAnalysis.ExternalAccess.FSharp.Internal.Editor.FSharpBraceMatcher

Microsoft.CodeAnalysis.ExternalAccess.FSharp.Internal.Editor.FindUsages.FSharpFindUsagesService.ctor(service): expected exactly 1 export matching constraints:
    Contract name: Microsoft.CodeAnalysis.ExternalAccess.FSharp.Editor.FindUsages.IFSharpFindUsagesService
    TypeIdentityName: Microsoft.CodeAnalysis.ExternalAccess.FSharp.Editor.FindUsages.IFSharpFindUsagesService
but found 0.
   part definition Microsoft.CodeAnalysis.ExternalAccess.FSharp.Internal.Editor.FindUsages.FSharpFindUsagesService

Microsoft.WebTools.Languages.Rest.VS.Commands.SendRequestCommandHandler.ctor(httpSendResponseManager): expected exactly 1 export matching constraints:
    Contract name: Microsoft.WebTools.Languages.Rest.VS.SendRequest.IHttpSendResponseManager
    TypeIdentityName: Microsoft.WebTools.Languages.Rest.VS.SendRequest.IHttpSendResponseManager
but found 0.
   part definition Microsoft.WebTools.Languages.Rest.VS.Commands.SendRequestCommandHandler

Microsoft.WebTools.ProjectSystem.Components.UserSecrets.ProjectUserSecretsKeyVaultConnectionStringsHandler.ctor(projectServices): expected exactly 1 export matching constraints:
    Contract name: Microsoft.WebTools.Shared.CPS.VS.Services.IUnconfiguredProjectCommonServices
    TypeIdentityName: Microsoft.WebTools.Shared.CPS.VS.Services.IUnconfiguredProjectCommonServices
but found 0.
   part definition Microsoft.WebTools.ProjectSystem.Components.UserSecrets.ProjectUserSecretsKeyVaultConnectionStringsHandler

Microsoft.WebTools.ProjectSystem.Components.UserSecrets.ProjectLocalSecretsManager.ctor(commonServices): expected exactly 1 export matching constraints:
    Contract name: Microsoft.WebTools.Shared.CPS.VS.Services.IUnconfiguredProjectCommonServices
    TypeIdentityName: Microsoft.WebTools.Shared.CPS.VS.Services.IUnconfiguredProjectCommonServices
but found 0.
   part definition Microsoft.WebTools.ProjectSystem.Components.UserSecrets.ProjectLocalSecretsManager

Microsoft.WebTools.ProjectSystem.Components.HotReload.HybridCssHotReloadLoader.ctor(cssHotReloadServices): expected exactly 1 export matching constraints:
    Contract name: Microsoft.WebTools.ProjectSystem.Components.HotReload.ICssHotReloadServices
    TypeIdentityName: Microsoft.WebTools.ProjectSystem.Components.HotReload.ICssHotReloadServices
but found 0.
   part definition Microsoft.WebTools.ProjectSystem.Components.HotReload.HybridCssHotReloadLoader

Microsoft.VisualStudio.LanguageServices.Xaml.Implementation.LanguageServer.XamlRequestExecutionQueueProvider.ctor(feedbackService): expected exactly 1 export matching constraints:
    Contract name: Microsoft.VisualStudio.LanguageServices.Xaml.Telemetry.IXamlLanguageServerFeedbackService
    TypeIdentityName: Microsoft.VisualStudio.LanguageServices.Xaml.Telemetry.IXamlLanguageServerFeedbackService
but found 0.
   part definition Microsoft.VisualStudio.LanguageServices.Xaml.Implementation.LanguageServer.XamlRequestExecutionQueueProvider

Microsoft.WebTools.ProjectSystem.Components.VisualStudio.ProjectDependenciesMonitor.ctor(projectExportProvider): expected exactly 1 export matching constraints:
    Contract name: Microsoft.WebTools.Shared.VS.Contracts.IWebProjectExportProvider
    TypeIdentityName: Microsoft.WebTools.Shared.VS.Contracts.IWebProjectExportProvider
but found 0.
   part definition Microsoft.WebTools.ProjectSystem.Components.VisualStudio.ProjectDependenciesMonitor

Microsoft.CodeAnalysis.ExternalAccess.Razor.RazorDynamicFileInfoProviderWrapper.ctor(innerDynamicFileInfoProvider): expected exactly 1 export matching constraints:
    Contract name: Microsoft.CodeAnalysis.ExternalAccess.Razor.IRazorDynamicFileInfoProvider
    TypeIdentityName: Microsoft.CodeAnalysis.ExternalAccess.Razor.IRazorDynamicFileInfoProvider
but found 0.
   part definition Microsoft.CodeAnalysis.ExternalAccess.Razor.RazorDynamicFileInfoProviderWrapper

Microsoft.WebTools.ProjectSystem.Components.Endpoints.EndpointsRequestGenerator.ctor(exportProvider): expected exactly 1 export matching constraints:
    Contract name: Microsoft.WebTools.Shared.VS.Contracts.IWebProjectExportProvider
    TypeIdentityName: Microsoft.WebTools.Shared.VS.Contracts.IWebProjectExportProvider
but found 0.
   part definition Microsoft.WebTools.ProjectSystem.Components.Endpoints.EndpointsRequestGenerator

Microsoft.CodeAnalysis.ExternalAccess.Pythia.PythiaSignatureHelpProvider.ctor(implementation): expected exactly 1 export matching constraints:
    Contract name: Microsoft.CodeAnalysis.ExternalAccess.Pythia.Api.IPythiaSignatureHelpProviderImplementation
    TypeIdentityName: Microsoft.CodeAnalysis.ExternalAccess.Pythia.Api.IPythiaSignatureHelpProviderImplementation
but found 0.
   part definition Microsoft.CodeAnalysis.ExternalAccess.Pythia.PythiaSignatureHelpProvider

Microsoft.WebTools.Languages.LanguageServer.Delegation.DocumentMapping.WorkspaceEditMapper.ctor(documentMappingProvider): expected exactly 1 export matching constraints:
    Contract name: Microsoft.WebTools.Languages.LanguageServer.Delegation.Shared.DocumentMappingProvider
    TypeIdentityName: Microsoft.WebTools.Languages.LanguageServer.Delegation.Shared.DocumentMappingProvider
but found 0.
   part definition Microsoft.WebTools.Languages.LanguageServer.Delegation.DocumentMapping.WorkspaceEditMapper

Microsoft.CodeAnalysis.ExternalAccess.FSharp.Internal.Structure.FSharpBlockStructureService.ctor(service): expected exactly 1 export matching constraints:
    Contract name: Microsoft.CodeAnalysis.ExternalAccess.FSharp.Structure.IFSharpBlockStructureService
    TypeIdentityName: Microsoft.CodeAnalysis.ExternalAccess.FSharp.Structure.IFSharpBlockStructureService
but found 0.
   part definition Microsoft.CodeAnalysis.ExternalAccess.FSharp.Internal.Structure.FSharpBlockStructureService

Microsoft.VisualStudio.LanguageServices.Xaml.Implementation.LanguageServer.Handler.Diagnostics.DocumentPullDiagnosticHandler.ctor(xamlPullDiagnosticService): expected exactly 1 export matching constraints:
    Contract name: Microsoft.VisualStudio.LanguageServices.Xaml.Features.Diagnostics.IXamlPullDiagnosticService
    TypeIdentityName: Microsoft.VisualStudio.LanguageServices.Xaml.Features.Diagnostics.IXamlPullDiagnosticService
but found 0.
   part definition Microsoft.VisualStudio.LanguageServices.Xaml.Implementation.LanguageServer.Handler.Diagnostics.DocumentPullDiagnosticHandler

Microsoft.CodeAnalysis.ExternalAccess.FSharp.Internal.DocumentHighlighting.FSharpDocumentHighlightsService.ctor(service): expected exactly 1 export matching constraints:
    Contract name: Microsoft.CodeAnalysis.ExternalAccess.FSharp.DocumentHighlighting.IFSharpDocumentHighlightsService
    TypeIdentityName: Microsoft.CodeAnalysis.ExternalAccess.FSharp.DocumentHighlighting.IFSharpDocumentHighlightsService
but found 0.
   part definition Microsoft.CodeAnalysis.ExternalAccess.FSharp.Internal.DocumentHighlighting.FSharpDocumentHighlightsService

Microsoft.VisualStudio.JavaScript.TestAdapter.TestMethodResolver.ctor(discoverer): expected exactly 1 export matching constraints:
    Contract name: Microsoft.VisualStudio.JavaScript.TestAdapter.TestContainerDiscoverer
    TypeIdentityName: Microsoft.VisualStudio.JavaScript.TestAdapter.TestContainerDiscoverer
but found 0.
   part definition Microsoft.VisualStudio.JavaScript.TestAdapter.TestMethodResolver

Microsoft.WebTools.ProjectSystem.HotReload.BrowserRefreshServer.ctor(webServerStateManager): expected exactly 1 export matching constraints:
    Contract name: Microsoft.WebTools.ProjectSystem.WebServer.IWebServerStateManagerInternal
    TypeIdentityName: Microsoft.WebTools.ProjectSystem.WebServer.IWebServerStateManagerInternal
but found 0.
   part definition Microsoft.WebTools.ProjectSystem.HotReload.BrowserRefreshServer

Microsoft.WebTools.ProjectSystem.HotReload.BrowserRefreshServer.ctor(projectServices): expected exactly 1 export matching constraints:
    Contract name: Microsoft.WebTools.Shared.CPS.VS.Services.IUnconfiguredProjectCommonServices
    TypeIdentityName: Microsoft.WebTools.Shared.CPS.VS.Services.IUnconfiguredProjectCommonServices
but found 0.
   part definition Microsoft.WebTools.ProjectSystem.HotReload.BrowserRefreshServer

Microsoft.CodeAnalysis.ExternalAccess.FSharp.Internal.Classification.FSharpClassificationService.ctor(service): expected exactly 1 export matching constraints:
    Contract name: Microsoft.CodeAnalysis.ExternalAccess.FSharp.Classification.IFSharpClassificationService
    TypeIdentityName: Microsoft.CodeAnalysis.ExternalAccess.FSharp.Classification.IFSharpClassificationService
but found 0.
   part definition Microsoft.CodeAnalysis.ExternalAccess.FSharp.Internal.Classification.FSharpClassificationService

Microsoft.WebTools.Languages.Rest.VS.Margins.ResponseMarginProvider.ctor(httpSendResponseManager): expected exactly 1 export matching constraints:
    Contract name: Microsoft.WebTools.Languages.Rest.VS.SendRequest.IHttpSendResponseManager
    TypeIdentityName: Microsoft.WebTools.Languages.Rest.VS.SendRequest.IHttpSendResponseManager
but found 0.
   part definition Microsoft.WebTools.Languages.Rest.VS.Margins.ResponseMarginProvider

Microsoft.WebTools.ProjectSystem.Property.ProjectUrlDynamicProperty.ctor(webServerStateManager): expected exactly 1 export matching constraints:
    Contract name: Microsoft.WebTools.ProjectSystem.WebServer.IWebServerStateManagerInternal
    TypeIdentityName: Microsoft.WebTools.ProjectSystem.WebServer.IWebServerStateManagerInternal
but found 0.
   part definition Microsoft.WebTools.ProjectSystem.Property.ProjectUrlDynamicProperty

Microsoft.WebTools.ProjectSystem.Property.ProjectUrlDynamicProperty.ctor(projectServices): expected exactly 1 export matching constraints:
    Contract name: Microsoft.WebTools.Shared.CPS.VS.Services.IUnconfiguredProjectCommonServices
    TypeIdentityName: Microsoft.WebTools.Shared.CPS.VS.Services.IUnconfiguredProjectCommonServices
but found 0.
   part definition Microsoft.WebTools.ProjectSystem.Property.ProjectUrlDynamicProperty

Microsoft.WebTools.ProjectSystem.VisualStudio.HierarchyRootServiceProvider.ctor(projectUrlProvider): expected exactly 1 export matching constraints:
    Contract name: Microsoft.WebTools.ProjectSystem.Extensibility.IProjectUrlProvider
    TypeIdentityName: Microsoft.WebTools.ProjectSystem.Extensibility.IProjectUrlProvider
but found 0.
   part definition Microsoft.WebTools.ProjectSystem.VisualStudio.HierarchyRootServiceProvider

Microsoft.WebTools.ProjectSystem.VisualStudio.HierarchyRootServiceProvider.ctor(projectServices): expected exactly 1 export matching constraints:
    Contract name: Microsoft.WebTools.Shared.CPS.VS.Services.IUnconfiguredProjectCommonServices
    TypeIdentityName: Microsoft.WebTools.Shared.CPS.VS.Services.IUnconfiguredProjectCommonServices
but found 0.
   part definition Microsoft.WebTools.ProjectSystem.VisualStudio.HierarchyRootServiceProvider

Microsoft.CodeAnalysis.ExternalAccess.FSharp.Internal.Diagnostics.FSharpUnusedOpensDiagnosticAnalyzerService.ctor(analyzer): expected exactly 1 export matching constraints:
    Contract name: Microsoft.CodeAnalysis.ExternalAccess.FSharp.Diagnostics.IFSharpUnusedOpensDiagnosticAnalyzer
    TypeIdentityName: Microsoft.CodeAnalysis.ExternalAccess.FSharp.Diagnostics.IFSharpUnusedOpensDiagnosticAnalyzer
but found 0.
   part definition Microsoft.CodeAnalysis.ExternalAccess.FSharp.Internal.Diagnostics.FSharpUnusedOpensDiagnosticAnalyzerService

Microsoft.CodeAnalysis.Editor.Xaml.OrganizeImports.XamlOrganizeImportsService.ctor(organizeService): expected exactly 1 export matching constraints:
    Contract name: Microsoft.CodeAnalysis.Editor.Xaml.Features.OrganizeImports.IXamlOrganizeNamespacesService
    TypeIdentityName: Microsoft.CodeAnalysis.Editor.Xaml.Features.OrganizeImports.IXamlOrganizeNamespacesService
but found 0.
   part definition Microsoft.CodeAnalysis.Editor.Xaml.OrganizeImports.XamlOrganizeImportsService

Microsoft.WebTools.ProjectSystem.Components.UserSecrets.ProjectUserSecretsJsonProvider.ctor(projectServices): expected exactly 1 export matching constraints:
    Contract name: Microsoft.WebTools.Shared.CPS.VS.Services.IUnconfiguredProjectCommonServices
    TypeIdentityName: Microsoft.WebTools.Shared.CPS.VS.Services.IUnconfiguredProjectCommonServices
but found 0.
   part definition Microsoft.WebTools.ProjectSystem.Components.UserSecrets.ProjectUserSecretsJsonProvider

Microsoft.CodeAnalysis.Editor.Xaml.OrganizeImports.XamlRemoveUnnecessaryImportsService.ctor(removeService): expected exactly 1 export matching constraints:
    Contract name: Microsoft.CodeAnalysis.Editor.Xaml.Features.OrganizeImports.IXamlRemoveUnnecessaryNamespacesService
    TypeIdentityName: Microsoft.CodeAnalysis.Editor.Xaml.Features.OrganizeImports.IXamlRemoveUnnecessaryNamespacesService
but found 0.
   part definition Microsoft.CodeAnalysis.Editor.Xaml.OrganizeImports.XamlRemoveUnnecessaryImportsService

Microsoft.WebTools.ProjectSystem.Components.ProjectBuild.StaticWebAssets.ctor(projectServices): expected exactly 1 export matching constraints:
    Contract name: Microsoft.WebTools.Shared.CPS.VS.Services.IUnconfiguredProjectCommonServices
    TypeIdentityName: Microsoft.WebTools.Shared.CPS.VS.Services.IUnconfiguredProjectCommonServices
but found 0.
   part definition Microsoft.WebTools.ProjectSystem.Components.ProjectBuild.StaticWebAssets

Microsoft.WebTools.Languages.LanguageServer.Delegation.LanguageServerClient.CustomMessageTargets.DefaultCssLanguageServerCustomMessageTarget.ctor(remoteWebWorkspaceService): expected exactly 1 export matching constraints:
    Contract name: Microsoft.WebTools.Languages.LanguageServer.Delegation.Workspace.IRemoteWebWorkspaceService
    TypeIdentityName: Microsoft.WebTools.Languages.LanguageServer.Delegation.Workspace.IRemoteWebWorkspaceService
but found 0.
   part definition Microsoft.WebTools.Languages.LanguageServer.Delegation.LanguageServerClient.CustomMessageTargets.DefaultCssLanguageServerCustomMessageTarget

Microsoft.CodeAnalysis.ExternalAccess.VSTypeScript.VSTypeScriptGoToSymbolService.ctor(impl): expected exactly 1 export matching constraints:
    Contract name: Microsoft.CodeAnalysis.ExternalAccess.VSTypeScript.Api.IVSTypeScriptGoToSymbolServiceImplementation
    TypeIdentityName: Microsoft.CodeAnalysis.ExternalAccess.VSTypeScript.Api.IVSTypeScriptGoToSymbolServiceImplementation
but found 0.
   part definition Microsoft.CodeAnalysis.ExternalAccess.VSTypeScript.VSTypeScriptGoToSymbolService

Microsoft.WebTools.ProjectSystem.Components.LaunchActions.ProjectDevTunnelConfigurator.ctor(webServerStateManager): expected exactly 1 export matching constraints:
    Contract name: Microsoft.WebTools.ProjectSystem.WebServer.IWebServerStateManagerInternal
    TypeIdentityName: Microsoft.WebTools.ProjectSystem.WebServer.IWebServerStateManagerInternal
but found 0.
   part definition Microsoft.WebTools.ProjectSystem.Components.LaunchActions.ProjectDevTunnelConfigurator

Microsoft.WebTools.ProjectSystem.Components.LaunchActions.ProjectDevTunnelConfigurator.ctor(projectServices): expected exactly 1 export matching constraints:
    Contract name: Microsoft.WebTools.Shared.CPS.VS.Services.IUnconfiguredProjectCommonServices
    TypeIdentityName: Microsoft.WebTools.Shared.CPS.VS.Services.IUnconfiguredProjectCommonServices
but found 0.
   part definition Microsoft.WebTools.ProjectSystem.Components.LaunchActions.ProjectDevTunnelConfigurator

Microsoft.CodeAnalysis.ExternalAccess.FSharp.Internal.Editor.FSharpEditorFormattingService.ctor(service): expected exactly 1 export matching constraints:
    Contract name: Microsoft.CodeAnalysis.ExternalAccess.FSharp.Editor.IFSharpEditorFormattingService
    TypeIdentityName: Microsoft.CodeAnalysis.ExternalAccess.FSharp.Editor.IFSharpEditorFormattingService
but found 0.
   part definition Microsoft.CodeAnalysis.ExternalAccess.FSharp.Internal.Editor.FSharpEditorFormattingService

Microsoft.CodeAnalysis.ExternalAccess.FSharp.Internal.Editor.Implementation.Debugging.FSharpLanguageDebugInfoService.ctor(service): expected exactly 1 export matching constraints:
    Contract name: Microsoft.CodeAnalysis.ExternalAccess.FSharp.Editor.Implementation.Debugging.IFSharpLanguageDebugInfoService
    TypeIdentityName: Microsoft.CodeAnalysis.ExternalAccess.FSharp.Editor.Implementation.Debugging.IFSharpLanguageDebugInfoService
but found 0.
   part definition Microsoft.CodeAnalysis.ExternalAccess.FSharp.Internal.Editor.Implementation.Debugging.FSharpLanguageDebugInfoService

Microsoft.CodeAnalysis.ExternalAccess.FSharp.Internal.Diagnostics.FSharpUnusedDeclarationsDiagnosticAnalyzerService.ctor(analyzer): expected exactly 1 export matching constraints:
    Contract name: Microsoft.CodeAnalysis.ExternalAccess.FSharp.Diagnostics.IFSharpUnusedDeclarationsDiagnosticAnalyzer
    TypeIdentityName: Microsoft.CodeAnalysis.ExternalAccess.FSharp.Diagnostics.IFSharpUnusedDeclarationsDiagnosticAnalyzer
but found 0.
   part definition Microsoft.CodeAnalysis.ExternalAccess.FSharp.Internal.Diagnostics.FSharpUnusedDeclarationsDiagnosticAnalyzerService

Microsoft.CodeAnalysis.ExternalAccess.FSharp.Internal.NavigateTo.FSharpNavigateToSearchService.ctor(service): expected exactly 1 export matching constraints:
    Contract name: Microsoft.CodeAnalysis.ExternalAccess.FSharp.NavigateTo.IFSharpNavigateToSearchService
    TypeIdentityName: Microsoft.CodeAnalysis.ExternalAccess.FSharp.NavigateTo.IFSharpNavigateToSearchService
but found 0.
   part definition Microsoft.CodeAnalysis.ExternalAccess.FSharp.Internal.NavigateTo.FSharpNavigateToSearchService

Microsoft.WebTools.ProjectSystem.Components.UserSecrets.ProjectUserSecretsKeyVaultAzureADHandler.ctor(projectServices): expected exactly 1 export matching constraints:
    Contract name: Microsoft.WebTools.Shared.CPS.VS.Services.IUnconfiguredProjectCommonServices
    TypeIdentityName: Microsoft.WebTools.Shared.CPS.VS.Services.IUnconfiguredProjectCommonServices
but found 0.
   part definition Microsoft.WebTools.ProjectSystem.Components.UserSecrets.ProjectUserSecretsKeyVaultAzureADHandler

Microsoft.WebTools.ProjectSystem.Debugger.WebProjectRunStateTracker.ctor(webServerStateManager): expected exactly 1 export matching constraints:
    Contract name: Microsoft.WebTools.ProjectSystem.WebServer.IWebServerStateManagerInternal
    TypeIdentityName: Microsoft.WebTools.ProjectSystem.WebServer.IWebServerStateManagerInternal
but found 0.
   part definition Microsoft.WebTools.ProjectSystem.Debugger.WebProjectRunStateTracker

Microsoft.CodeAnalysis.ExternalAccess.Razor.RazorCSharpInterceptionMiddleLayerWrapper.ctor(razorCSharpInterceptionMiddleLayer): expected exactly 1 export matching constraints:
    Contract name: Microsoft.CodeAnalysis.ExternalAccess.Razor.IRazorCSharpInterceptionMiddleLayer
    TypeIdentityName: Microsoft.CodeAnalysis.ExternalAccess.Razor.IRazorCSharpInterceptionMiddleLayer
but found 0.
   part definition Microsoft.CodeAnalysis.ExternalAccess.Razor.RazorCSharpInterceptionMiddleLayerWrapper

Microsoft.WebTools.ProjectSystem.Web.Telemetry.WebProjectDetailsTelemetryCollector.ctor(unconfiguredProjectServices): expected exactly 1 export matching constraints:
    Contract name: Microsoft.WebTools.Shared.CPS.VS.Services.IUnconfiguredProjectCommonServices
    TypeIdentityName: Microsoft.WebTools.Shared.CPS.VS.Services.IUnconfiguredProjectCommonServices
but found 0.
   part definition Microsoft.WebTools.ProjectSystem.Web.Telemetry.WebProjectDetailsTelemetryCollector

Microsoft.WebTools.ProjectSystem.Commands.VenusCommandSetHandler.ctor(webServerStateManager): expected exactly 1 export matching constraints:
    Contract name: Microsoft.WebTools.ProjectSystem.WebServer.IWebServerStateManagerInternal
    TypeIdentityName: Microsoft.WebTools.ProjectSystem.WebServer.IWebServerStateManagerInternal
but found 0.
   part definition Microsoft.WebTools.ProjectSystem.Commands.VenusCommandSetHandler

Microsoft.WebTools.ProjectSystem.Components.UserSecrets.ProjectUserSecretsJsonAzureADHandler.ctor(projectServices): expected exactly 1 export matching constraints:
    Contract name: Microsoft.WebTools.Shared.CPS.VS.Services.IUnconfiguredProjectCommonServices
    TypeIdentityName: Microsoft.WebTools.Shared.CPS.VS.Services.IUnconfiguredProjectCommonServices
but found 0.
   part definition Microsoft.WebTools.ProjectSystem.Components.UserSecrets.ProjectUserSecretsJsonAzureADHandler

Microsoft.WebTools.ProjectSystem.WebProject.WebProjectInformation.ctor(projectServices): expected exactly 1 export matching constraints:
    Contract name: Microsoft.WebTools.Shared.CPS.VS.Services.IUnconfiguredProjectCommonServices
    TypeIdentityName: Microsoft.WebTools.Shared.CPS.VS.Services.IUnconfiguredProjectCommonServices
but found 0.
   part definition Microsoft.WebTools.ProjectSystem.WebProject.WebProjectInformation

----- CompositionError level 2 ------
Microsoft.WebTools.ProjectSystem.PropertyPages.HostingModelEnumProvider.ctor(supportedFeaturesService): expected exactly 1 export matching constraints:
    Contract name: Microsoft.WebTools.ProjectSystem.CommonServices.ISupportedAspNetFeaturesService
    TypeIdentityName: Microsoft.WebTools.ProjectSystem.CommonServices.ISupportedAspNetFeaturesService
 but the matching part has been invalidated.
   part definition Microsoft.WebTools.ProjectSystem.PropertyPages.HostingModelEnumProvider

Microsoft.WebTools.ProjectSystem.ProjectTree.WebErrorHandlingExtension.ctor(webProjectInformation): expected exactly 1 export matching constraints:
    Contract name: Microsoft.WebTools.Shared.VS.ProjectInfo.IWebProjectInformation
    TypeIdentityName: Microsoft.WebTools.Shared.VS.ProjectInfo.IWebProjectInformation
 but the matching part has been invalidated.
   part definition Microsoft.WebTools.ProjectSystem.ProjectTree.WebErrorHandlingExtension

Microsoft.WebTools.ProjectSystem.Components.ServiceReferences.OpenApiServiceReferenceProvider.ctor(unconfiguredProjectServices): expected exactly 1 export matching constraints:
    Contract name: Microsoft.WebTools.Shared.CPS.VS.Services.IUnconfiguredProjectVsServices
    TypeIdentityName: Microsoft.WebTools.Shared.CPS.VS.Services.IUnconfiguredProjectVsServices
 but the matching part has been invalidated.
   part definition Microsoft.WebTools.ProjectSystem.Components.ServiceReferences.OpenApiServiceReferenceProvider

Microsoft.WebTools.ProjectSystem.Components.ServiceReferences.GrpcServiceReferenceProvider.ctor(unconfiguredProjectServices): expected exactly 1 export matching constraints:
    Contract name: Microsoft.WebTools.Shared.CPS.VS.Services.IUnconfiguredProjectVsServices
    TypeIdentityName: Microsoft.WebTools.Shared.CPS.VS.Services.IUnconfiguredProjectVsServices
 but the matching part has been invalidated.
   part definition Microsoft.WebTools.ProjectSystem.Components.ServiceReferences.GrpcServiceReferenceProvider

Microsoft.WebTools.ProjectSystem.Publish.PublishProvider.ctor(projectServices): expected exactly 1 export matching constraints:
    Contract name: Microsoft.WebTools.Shared.CPS.VS.Services.IUnconfiguredProjectVsServices
    TypeIdentityName: Microsoft.WebTools.Shared.CPS.VS.Services.IUnconfiguredProjectVsServices
 but the matching part has been invalidated.
   part definition Microsoft.WebTools.ProjectSystem.Publish.PublishProvider

Microsoft.WebTools.ProjectSystem.WebServer.WebServerBuildSynchronizer.ctor(projectServices): expected exactly 1 export matching constraints:
    Contract name: Microsoft.WebTools.Shared.CPS.VS.Services.IUnconfiguredProjectVsServices
    TypeIdentityName: Microsoft.WebTools.Shared.CPS.VS.Services.IUnconfiguredProjectVsServices
 but the matching part has been invalidated.
   part definition Microsoft.WebTools.ProjectSystem.WebServer.WebServerBuildSynchronizer

Microsoft.WebTools.Shared.FeatureDetection.ServiceConnector.ServiceConnectorFeatureActionsFactory.ctor(engine): expected exactly 1 export matching constraints:
    Contract name: Microsoft.WebTools.Shared.FeatureDetection.IComponentDetectionEngine(Microsoft.WebTools.Shared.FeatureDetection.ServiceConnector.IServiceConnectorsModel)
    TypeIdentityName: Microsoft.WebTools.Shared.FeatureDetection.IComponentDetectionEngine(Microsoft.WebTools.Shared.FeatureDetection.ServiceConnector.IServiceConnectorsModel)
 but the matching part has been invalidated.
   part definition Microsoft.WebTools.Shared.FeatureDetection.ServiceConnector.ServiceConnectorFeatureActionsFactory

Microsoft.WebTools.ProjectSystem.Components.VisualStudio.ProjectEventsListener.ctor(projectServices): expected exactly 1 export matching constraints:
    Contract name: Microsoft.WebTools.Shared.CPS.VS.Services.IUnconfiguredProjectVsServices
    TypeIdentityName: Microsoft.WebTools.Shared.CPS.VS.Services.IUnconfiguredProjectVsServices
 but the matching part has been invalidated.
   part definition Microsoft.WebTools.ProjectSystem.Components.VisualStudio.ProjectEventsListener

Microsoft.WebTools.ProjectSystem.Components.VisualStudio.ProjectEventsListener.ctor(projectDependencyChangeMonitor): expected exactly 1 export matching constraints:
    Contract name: Microsoft.WebTools.ProjectSystem.Components.VisualStudio.IProjectDependenciesMonitor
    TypeIdentityName: Microsoft.WebTools.ProjectSystem.Components.VisualStudio.IProjectDependenciesMonitor
 but the matching part has been invalidated.
   part definition Microsoft.WebTools.ProjectSystem.Components.VisualStudio.ProjectEventsListener

Microsoft.VisualStudio.LanguageServices.Xaml.XamlTextViewCreationListener.ctor(projectService): expected exactly 1 export matching constraints:
    Contract name: Microsoft.VisualStudio.LanguageServices.Xaml.XamlProjectService
    TypeIdentityName: Microsoft.VisualStudio.LanguageServices.Xaml.XamlProjectService
 but the matching part has been invalidated.
   part definition Microsoft.VisualStudio.LanguageServices.Xaml.XamlTextViewCreationListener

Microsoft.WebTools.Shared.CPS.VS.Telemetry.ProjectOpenHealthEvent.ctor(unconfiguredProjectVsServices): expected exactly 1 export matching constraints:
    Contract name: Microsoft.WebTools.Shared.CPS.VS.Services.IUnconfiguredProjectVsServices
    TypeIdentityName: Microsoft.WebTools.Shared.CPS.VS.Services.IUnconfiguredProjectVsServices
 but the matching part has been invalidated.
   part definition Microsoft.WebTools.Shared.CPS.VS.Telemetry.ProjectOpenHealthEvent

Microsoft.WebTools.ProjectSystem.Components.UserSecrets.ProjectKeyVaultSecretsSupport.ctor(commonServices): expected exactly 1 export matching constraints:
    Contract name: Microsoft.WebTools.Shared.CPS.VS.Services.IUnconfiguredProjectVsServices
    TypeIdentityName: Microsoft.WebTools.Shared.CPS.VS.Services.IUnconfiguredProjectVsServices
 but the matching part has been invalidated.
   part definition Microsoft.WebTools.ProjectSystem.Components.UserSecrets.ProjectKeyVaultSecretsSupport

Microsoft.WebTools.ProjectSystem.Components.ServiceReferences.ServiceReferenceCommandSetHandler.ctor(projectServices): expected exactly 1 export matching constraints:
    Contract name: Microsoft.WebTools.Shared.CPS.VS.Services.IUnconfiguredProjectVsServices
    TypeIdentityName: Microsoft.WebTools.Shared.CPS.VS.Services.IUnconfiguredProjectVsServices
 but the matching part has been invalidated.
   part definition Microsoft.WebTools.ProjectSystem.Components.ServiceReferences.ServiceReferenceCommandSetHandler

Microsoft.WebTools.ProjectSystem.Components.UserSecrets.SecretManagerFactory.ctor(localSecretsManager): expected exactly 1 export matching constraints:
    Contract name: Microsoft.WebTools.ProjectSystem.Components.UserSecrets.ProjectLocalSecretsManager
    TypeIdentityName: Microsoft.WebTools.ProjectSystem.Components.UserSecrets.ProjectLocalSecretsManager
 but the matching part has been invalidated.
   part definition Microsoft.WebTools.ProjectSystem.Components.UserSecrets.SecretManagerFactory

Microsoft.WebTools.ProjectSystem.Components.UserSecrets.UserSecretsCommandSetHandler.ctor(projectServices): expected exactly 1 export matching constraints:
    Contract name: Microsoft.WebTools.Shared.CPS.VS.Services.IUnconfiguredProjectVsServices
    TypeIdentityName: Microsoft.WebTools.Shared.CPS.VS.Services.IUnconfiguredProjectVsServices
 but the matching part has been invalidated.
   part definition Microsoft.WebTools.ProjectSystem.Components.UserSecrets.UserSecretsCommandSetHandler

----------- Used assemblies -----------
 - C:\PROGRAM FILES\MICROSOFT VISUAL STUDIO\2022\COMMUNITY\COMMON7\IDE\EXTENSIONS\MICROSOFT\LIVESHARE\Microsoft.VisualStudio.LiveShare.Coauthoring.dll
 - C:\PROGRAM FILES\MICROSOFT VISUAL STUDIO\2022\COMMUNITY\COMMON7\IDE\COMMONEXTENSIONS\PLATFORM\DIAGNOSTICSHUB\Microsoft.DiagnosticsHub.Runtime.dll
 - C:\PROGRAM FILES\MICROSOFT VISUAL STUDIO\2022\COMMUNITY\COMMON7\IDE\COMMONEXTENSIONS\MICROSOFT\VBCSHARP\LANGUAGESERVICES\Microsoft.CodeAnalysis.LanguageServer.Protocol.dll
 - C:\PROGRAM FILES\MICROSOFT VISUAL STUDIO\2022\COMMUNITY\COMMON7\IDE\COMMONEXTENSIONS\MICROSOFT\NUGET\NuGet.PackageManagement.PowerShellCmdlets.dll
 - C:\PROGRAM FILES\MICROSOFT VISUAL STUDIO\2022\COMMUNITY\COMMON7\IDE\COMMONEXTENSIONS\MICROSOFT\TEAMFOUNDATION\TEAM EXPLORER\Microsoft.VisualStudio.TeamFoundation.dll
 - C:\PROGRAM FILES\MICROSOFT VISUAL STUDIO\2022\COMMUNITY\COMMON7\IDE\COMMONEXTENSIONS\MICROSOFT\CMAKE\Microsoft.VisualStudio.CMake.Project.dll
 - C:\PROGRAM FILES\MICROSOFT VISUAL STUDIO\2022\COMMUNITY\COMMON7\IDE\COMMONEXTENSIONS\MICROSOFT\TEAMFOUNDATION\TEAM EXPLORER\Microsoft.TeamFoundation.VersionControl.Controls.dll
 - C:\PROGRAM FILES\MICROSOFT VISUAL STUDIO\2022\COMMUNITY\COMMON7\IDE\COMMONEXTENSIONS\MICROSOFT\VC\LANGUAGESERVER\Microsoft.VisualStudio.VC.LanguageServer.dll
 - C:\PROGRAM FILES\MICROSOFT VISUAL STUDIO\2022\COMMUNITY\COMMON7\IDE\EXTENSIONS\MICROSOFT\UNIT TEST EXPLORER\TESTWIEXTENSION\Microsoft.TeamFoundation.TestManagement.TestMethodAssociationExtension.dll
 - C:\PROGRAM FILES\MICROSOFT VISUAL STUDIO\2022\COMMUNITY\COMMON7\IDE\EXTENSIONS\MICROSOFT\LIVESHARE\Microsoft.VisualStudio.LiveShare.Tasks.16.3.dll
 - C:\PROGRAM FILES\MICROSOFT VISUAL STUDIO\2022\COMMUNITY\COMMON7\IDE\EXTENSIONS\MICROSOFT\WEB TOOLS\Languages\Microsoft.WebTools.Languages.Shared.Editor.dll
 - C:\PROGRAM FILES\MICROSOFT VISUAL STUDIO\2022\COMMUNITY\COMMON7\IDE\COMMONEXTENSIONS\MICROSOFT\NUGET\NuGet.PackageManagement.UI.dll
 - C:\PROGRAM FILES\MICROSOFT VISUAL STUDIO\2022\COMMUNITY\COMMON7\IDE\COMMONEXTENSIONS\MICROSOFT\VBCSHARP\LANGUAGESERVICES\Microsoft.CommonLanguageServerProtocol.Framework.dll
 - C:\PROGRAM FILES\MICROSOFT VISUAL STUDIO\2022\COMMUNITY\COMMON7\IDE\EXTENSIONS\MICROSOFT\WEB TOOLS\Scaffolding\Microsoft.WebTools.Scaffolding.Core.dll
 - C:\PROGRAM FILES\MICROSOFT VISUAL STUDIO\2022\COMMUNITY\COMMON7\IDE\EXTENSIONS\MICROSOFT\WEB TOOLS\Languages\Microsoft.WebTools.Languages.Extensions.dll
 - C:\PROGRAM FILES\MICROSOFT VISUAL STUDIO\2022\COMMUNITY\COMMON7\IDE\COMMONEXTENSIONS\DATADESIGN\Microsoft.VisualStudio.DataDesign.DataObjectGenerators.dll
 - C:\PROGRAM FILES\MICROSOFT VISUAL STUDIO\2022\COMMUNITY\COMMON7\IDE\COMMONEXTENSIONS\MICROSOFT\PROJECT\Microsoft.VisualStudio.ProjectSystem.VS.Implementation.dll
 - C:\USERS\AAMG\APPDATA\LOCAL\MICROSOFT\VISUALSTUDIO\17.0_5C303FC9\EXTENSIONS\KAOOOUXG.BFS\Vim.Core.dll
 - C:\PROGRAM FILES\MICROSOFT VISUAL STUDIO\2022\COMMUNITY\COMMON7\IDE\COMMONEXTENSIONS\MICROSOFT\PROJECTSERVICES\Microsoft.VisualStudio.ProjectServices.dll
 - C:\PROGRAM FILES\MICROSOFT VISUAL STUDIO\2022\COMMUNITY\COMMON7\IDE\EXTENSIONS\MICROSOFT\DEBUGADAPTERHOST\Microsoft.VisualStudio.Debugger.VSCodeDebuggerHost.dll
 - C:\PROGRAM FILES\MICROSOFT VISUAL STUDIO\2022\COMMUNITY\COMMON7\IDE\EXTENSIONS\MICROSOFT\LIVESHARE\Microsoft.VisualStudio.LiveShare.UI.dll
 - C:\PROGRAM FILES\MICROSOFT VISUAL STUDIO\2022\COMMUNITY\COMMON7\IDE\EXTENSIONS\MICROSOFT\INTELLICODE\Microsoft.VisualStudio.DesignTools.XamlIntelliCode.dll
 - C:\PROGRAM FILES\MICROSOFT VISUAL STUDIO\2022\COMMUNITY\COMMON7\IDE\EXTENSIONS\MICROSOFT\LIVESHARE\Microsoft.VisualStudio.LiveShare.Core.dll
 - C:\PROGRAM FILES\MICROSOFT VISUAL STUDIO\2022\COMMUNITY\COMMON7\IDE\COMMONEXTENSIONS\PLATFORM\DEBUGGER\VsDebugPresentationPackage.dll
 - C:\PROGRAM FILES\MICROSOFT VISUAL STUDIO\2022\COMMUNITY\COMMON7\IDE\COMMONEXTENSIONS\MICROSOFT\EBF\TESTEXPLORER\Microsoft.VisualStudio.Workspace.ExternalBuildFramework.TestProvider.dll
 - C:\PROGRAM FILES\MICROSOFT VISUAL STUDIO\2022\COMMUNITY\COMMON7\IDE\COMMONEXTENSIONS\MICROSOFT\VBCSHARP\LANGUAGESERVICES\Microsoft.CodeAnalysis.CSharp.Workspaces.dll
 - C:\PROGRAM FILES\MICROSOFT VISUAL STUDIO\2022\COMMUNITY\COMMON7\IDE\COMMONEXTENSIONS\MICROSOFT\ARCHITECTURE TOOLS\PROVIDERS\NATIVECODE\Microsoft.VisualStudio.Progression.Native.CodeProvider.dll
 - C:\PROGRAM FILES\MICROSOFT VISUAL STUDIO\2022\COMMUNITY\COMMON7\IDE\COMMONEXTENSIONS\MICROSOFT\COMMANDS\Microsoft.VisualStudio.Commands.dll
 - C:\PROGRAM FILES\MICROSOFT VISUAL STUDIO\2022\COMMUNITY\COMMON7\IDE\EXTENSIONS\MICROSOFT\GRAPHICS\DEBUGGER\VsGraphicsDebuggerPkg.dll
 - C:\PROGRAM FILES\MICROSOFT VISUAL STUDIO\2022\COMMUNITY\COMMON7\IDE\COMMONEXTENSIONS\MICROSOFT\CLIENTDIAGNOSTICS\Microsoft.VisualStudio.ClientDiagnostics.dll
 - C:\PROGRAM FILES\MICROSOFT VISUAL STUDIO\2022\COMMUNITY\COMMON7\IDE\COMMONEXTENSIONS\MICROSOFT\NUGET\NuGet.Console.dll
 - C:\PROGRAM FILES\MICROSOFT VISUAL STUDIO\2022\COMMUNITY\COMMON7\IDE\COMMONEXTENSIONS\MICROSOFT\VBCSHARP\LANGUAGESERVICES\Microsoft.CodeAnalysis.ExternalAccess.Debugger.dll
 - C:\PROGRAM FILES\MICROSOFT VISUAL STUDIO\2022\COMMUNITY\COMMON7\IDE\COMMONEXTENSIONS\PLATFORM\DEBUGGER\VsDebugCoreUI.dll
 - C:\PROGRAM FILES\MICROSOFT VISUAL STUDIO\2022\COMMUNITY\COMMON7\IDE\EXTENSIONS\MICROSOFT\WEB TOOLS\Languages\Razor\v4.0\Microsoft.WebTools.Languages.Razor.Core.dll
 - C:\PROGRAM FILES\MICROSOFT VISUAL STUDIO\2022\COMMUNITY\COMMON7\IDE\COMMONEXTENSIONS\MICROSOFT\TYPESCRIPT\Microsoft.VisualStudio.LanguageServices.TypeScript.dll
 - C:\PROGRAM FILES\MICROSOFT VISUAL STUDIO\2022\COMMUNITY\COMMON7\IDE\EXTENSIONS\MICROSOFT\WEB TOOLS\Package Management\Microsoft.WebTools.PackageManagement.dll
 - C:\USERS\AAMG\APPDATA\LOCAL\MICROSOFT\VISUALSTUDIO\17.0_5C303FC9\EXTENSIONS\YJC3OYJG.M0F\Viasfora.Settings.dll
 - C:\PROGRAM FILES\MICROSOFT VISUAL STUDIO\2022\COMMUNITY\COMMON7\IDE\COMMONEXTENSIONS\MICROSOFT\VBCSHARP\LANGUAGESERVICES\Microsoft.CodeAnalysis.ExternalAccess.AspNetCore.dll
 - C:\PROGRAM FILES\MICROSOFT VISUAL STUDIO\2022\COMMUNITY\COMMON7\IDE\EXTENSIONS\MICROSOFT\LIVESHARE.VSCORE\Microsoft.VisualStudio.LanguageServices.Remote.TypeScriptCollabService.VSCore.dll
 - C:\PROGRAM FILES\MICROSOFT VISUAL STUDIO\2022\COMMUNITY\COMMON7\IDE\COMMONEXTENSIONS\MICROSOFT\MARKDOWN\Microsoft.VisualStudio.Markdown.Core.dll
 - C:\PROGRAM FILES\MICROSOFT VISUAL STUDIO\2022\COMMUNITY\COMMON7\IDE\COMMONEXTENSIONS\PLATFORM\SHELL\..\..\..\Microsoft.VisualStudio.Utilities.dll
 - C:\PROGRAM FILES\MICROSOFT VISUAL STUDIO\2022\COMMUNITY\COMMON7\IDE\COMMONEXTENSIONS\MICROSOFT\EBF\Microsoft.VisualStudio.Workspace.ExternalBuildFramework.VS.dll
 - C:\PROGRAM FILES\MICROSOFT VISUAL STUDIO\2022\COMMUNITY\COMMON7\IDE\COMMONEXTENSIONS\MICROSOFT\NAVIGATETO\Microsoft.VisualStudio.Language.NavigateTo.Interfaces.dll
 - C:\PROGRAM FILES\MICROSOFT VISUAL STUDIO\2022\COMMUNITY\COMMON7\IDE\COMMONEXTENSIONS\MICROSOFT\EDITOR\Microsoft.VisualStudio.Platform.VSEditor.dll
 - C:\PROGRAM FILES\MICROSOFT VISUAL STUDIO\2022\COMMUNITY\COMMON7\IDE\EXTENSIONS\MICROSOFT\WEB TOOLS\ASPX\Microsoft.VisualStudio.Web.Html.Implementation.dll
 - C:\PROGRAM FILES\MICROSOFT VISUAL STUDIO\2022\COMMUNITY\COMMON7\IDE\COMMONEXTENSIONS\MICROSOFT\PROJECT\Microsoft.VisualStudio.ProjectSystem.Implementation.dll
 - C:\PROGRAM FILES\MICROSOFT VISUAL STUDIO\2022\COMMUNITY\COMMON7\IDE\COMMONEXTENSIONS\MICROSOFT\NUGET\NuGet.VisualStudio.Common.dll
 - C:\PROGRAM FILES\MICROSOFT VISUAL STUDIO\2022\COMMUNITY\COMMON7\IDE\COMMONEXTENSIONS\MICROSOFT\CLIENTDIAGNOSTICS\APPRESPONSIVENESS\Microsoft.VisualStudio.AppResponsiveness.dll
 - C:\PROGRAM FILES\MICROSOFT VISUAL STUDIO\2022\COMMUNITY\COMMON7\IDE\COMMONEXTENSIONS\MICROSOFT\ERRORLIST\Microsoft.VisualStudio.ErrorListPkg.dll
 - C:\PROGRAM FILES\MICROSOFT VISUAL STUDIO\2022\COMMUNITY\COMMON7\IDE\EXTENSIONS\MICROSOFT\LIVESHARE\Microsoft.VisualStudio.LiveShare.RazorExtension.dll
 - C:\PROGRAM FILES\MICROSOFT VISUAL STUDIO\2022\COMMUNITY\COMMON7\IDE\EXTENSIONS\MICROSOFT\WEB TOOLS\Languages\Microsoft.WebTools.Languages.Shared.VS.dll
 - C:\PROGRAM FILES\MICROSOFT VISUAL STUDIO\2022\COMMUNITY\COMMON7\IDE\EXTENSIONS\MICROSOFT\WEB TOOLS\ProjectSystem\Microsoft.WebTools.ProjectSystem.Components.dll
 - C:\PROGRAM FILES\MICROSOFT VISUAL STUDIO\2022\COMMUNITY\COMMON7\IDE\EXTENSIONS\MICROSOFT\JAVASCRIPT\Microsoft.VisualStudio.JavaScript.ProjectSystem.dll
 - C:\PROGRAM FILES\MICROSOFT VISUAL STUDIO\2022\COMMUNITY\COMMON7\IDE\COMMONEXTENSIONS\MICROSOFT\TEAMFOUNDATION\TEAM EXPLORER\Microsoft.TeamFoundation.Git.HostingProvider.GitHub.dll
 - C:\PROGRAM FILES\MICROSOFT VISUAL STUDIO\2022\COMMUNITY\COMMON7\IDE\COMMONEXTENSIONS\MICROSOFT\ARCHITECTURE TOOLS\PROVIDERS\SOLUTION\Microsoft.VisualStudio.Progression.VSProvider.dll
 - C:\PROGRAM FILES\MICROSOFT VISUAL STUDIO\2022\COMMUNITY\COMMON7\IDE\COMMONEXTENSIONS\MICROSOFT\TEAMFOUNDATION\TEAM EXPLORER\Microsoft.VisualStudio.TeamFoundation.Build.dll
 - C:\PROGRAM FILES\MICROSOFT VISUAL STUDIO\2022\COMMUNITY\COMMON7\IDE\COMMONEXTENSIONS\MICROSOFT\VBCSHARP\LANGUAGESERVICES\Microsoft.CodeAnalysis.Remote.Workspaces.dll
 - C:\Program Files\Microsoft Visual Studio\2022\Community\Common7\IDE\PrivateAssemblies\Microsoft.VisualStudio.Diagnostics.Common.dll
 - C:\PROGRAM FILES\MICROSOFT VISUAL STUDIO\2022\COMMUNITY\COMMON7\IDE\COMMONEXTENSIONS\MICROSOFT\VC\UNREALENGINETOOLS\Microsoft.VisualStudio.VC.UnrealEngineTools.dll
 - C:\PROGRAM FILES\MICROSOFT VISUAL STUDIO\2022\COMMUNITY\COMMON7\IDE\COMMONEXTENSIONS\MICROSOFT\TEAMFOUNDATION\TEAM EXPLORER\Microsoft.TeamFoundation.Git.HostingProvider.AzureDevOps.dll
 - C:\PROGRAM FILES\MICROSOFT VISUAL STUDIO\2022\COMMUNITY\COMMON7\IDE\COMMONEXTENSIONS\MICROSOFT\REFERENCEMANAGER\Microsoft.VisualStudio.ReferenceManager.Providers.dll
 - C:\PROGRAM FILES\MICROSOFT VISUAL STUDIO\2022\COMMUNITY\COMMON7\IDE\COMMONEXTENSIONS\PLATFORM\DIAGNOSTICSHUB\Microsoft.DiagnosticsHub.VisualStudio.Package.dll
 - C:\PROGRAM FILES\MICROSOFT VISUAL STUDIO\2022\COMMUNITY\COMMON7\IDE\EXTENSIONS\MICROSOFT\WEB TOOLS\Languages\Microsoft.WebTools.Languages.Rest.VS.dll
 - C:\PROGRAM FILES\MICROSOFT VISUAL STUDIO\2022\COMMUNITY\COMMON7\IDE\COMMONEXTENSIONS\PLATFORM\SHELL\..\..\..\Microsoft.VisualStudio.Shell.UI.Internal.dll
 - C:\PROGRAM FILES\MICROSOFT VISUAL STUDIO\2022\COMMUNITY\COMMON7\IDE\COMMONEXTENSIONS\MICROSOFT\EDITOR\Microsoft.VisualStudio.Language.StandardClassification.dll
 - C:\PROGRAM FILES\MICROSOFT VISUAL STUDIO\2022\COMMUNITY\COMMON7\IDE\COMMONEXTENSIONS\MICROSOFT\TEAMFOUNDATION\TEAM EXPLORER\Microsoft.TeamFoundation.TeamExplorer.Navigation.dll
 - C:\PROGRAM FILES\MICROSOFT VISUAL STUDIO\2022\COMMUNITY\COMMON7\IDE\EXTENSIONS\MICROSOFT\INTELLICODE\IntelliCodeCpp.dll
 - C:\PROGRAM FILES\MICROSOFT VISUAL STUDIO\2022\COMMUNITY\COMMON7\IDE\COMMONEXTENSIONS\MICROSOFT\NUGET\NuGet.VisualStudio.Implementation.dll
 - C:\PROGRAM FILES\MICROSOFT VISUAL STUDIO\2022\COMMUNITY\COMMON7\IDE\COMMONEXTENSIONS\PLATFORM\PERFMARKERS\Microsoft.DiagnosticsHub.PerfMarkers.dll
 - C:\PROGRAM FILES\MICROSOFT VISUAL STUDIO\2022\COMMUNITY\COMMON7\IDE\COMMONEXTENSIONS\MICROSOFT\EDITOR\Microsoft.VisualStudio.Text.Logic.dll
 - C:\PROGRAM FILES\MICROSOFT VISUAL STUDIO\2022\COMMUNITY\COMMON7\IDE\COMMONEXTENSIONS\MICROSOFT\TEAMFOUNDATION\TEAM EXPLORER\Microsoft.TeamFoundation.Git.Provider.dll
 - C:\PROGRAM FILES\MICROSOFT VISUAL STUDIO\2022\COMMUNITY\COMMON7\IDE\COMMONEXTENSIONS\MICROSOFT\CALLHIERARCHY\Microsoft.VisualStudio.Language.CallHierarchy.Implementation.dll
 - C:\PROGRAM FILES\MICROSOFT VISUAL STUDIO\2022\COMMUNITY\COMMON7\IDE\COMMONEXTENSIONS\MICROSOFT\NUGET\NuGet.VisualStudio.OnlineEnvironment.Client.dll
 - C:\PROGRAM FILES\MICROSOFT VISUAL STUDIO\2022\COMMUNITY\COMMON7\IDE\EXTENSIONS\MICROSOFT\WEB TOOLS SHARED\Microsoft.WebTools.Shared.dll
 - C:\PROGRAM FILES\MICROSOFT VISUAL STUDIO\2022\COMMUNITY\COMMON7\IDE\EXTENSIONS\MICROSOFT\WEB TOOLS\Publish\Microsoft.WebTools.Publish.dll
 - C:\PROGRAM FILES\MICROSOFT VISUAL STUDIO\2022\COMMUNITY\COMMON7\IDE\EXTENSIONS\MICROSOFT\CONNECTEDSERVICES\Microsoft.VisualStudio.ConnectedServices.Package2.dll
 - C:\PROGRAM FILES\MICROSOFT VISUAL STUDIO\2022\COMMUNITY\COMMON7\IDE\COMMONEXTENSIONS\MICROSOFT\TEAMFOUNDATION\TEAM EXPLORER\Microsoft.TeamFoundation.Git.Controls.dll
 - C:\PROGRAM FILES\MICROSOFT VISUAL STUDIO\2022\COMMUNITY\COMMON7\IDE\COMMONEXTENSIONS\PLATFORM\SHELL\..\..\..\PrivateAssemblies\Microsoft.VisualStudio.Shell.Connected.dll
 - C:\PROGRAM FILES\MICROSOFT VISUAL STUDIO\2022\COMMUNITY\COMMON7\IDE\COMMONEXTENSIONS\MICROSOFT\TEAMFOUNDATION\TEAM EXPLORER\Microsoft.TeamFoundation.WorkItemTracking.Controls.dll
 - C:\PROGRAM FILES\MICROSOFT VISUAL STUDIO\2022\COMMUNITY\COMMON7\IDE\COMMONEXTENSIONS\MICROSOFT\TEAMFOUNDATION\TEAM EXPLORER\Microsoft.VisualStudio.TeamFoundation.VersionControl.dll
 - C:\PROGRAM FILES\MICROSOFT VISUAL STUDIO\2022\COMMUNITY\COMMON7\IDE\COMMONEXTENSIONS\MICROSOFT\EBF\Microsoft.VisualStudio.Workspace.ExternalBuildFramework.Impl.dll
 - C:\PROGRAM FILES\MICROSOFT VISUAL STUDIO\2022\COMMUNITY\COMMON7\IDE\EXTENSIONS\MICROSOFT\LIVESHARE\Microsoft.VisualStudio.LiveShare.Telemetry.dll
 - C:\PROGRAM FILES\MICROSOFT VISUAL STUDIO\2022\COMMUNITY\COMMON7\IDE\COMMONEXTENSIONS\MICROSOFT\TEAMFOUNDATION\TEAM EXPLORER\Microsoft.TeamFoundation.CodeReview.Components.dll
 - C:\PROGRAM FILES\MICROSOFT VISUAL STUDIO\2022\COMMUNITY\COMMON7\IDE\COMMONEXTENSIONS\MICROSOFT\EDITOR\Microsoft.VisualStudio.Editor.Implementation.dll
 - C:\PROGRAM FILES\MICROSOFT VISUAL STUDIO\2022\COMMUNITY\COMMON7\IDE\EXTENSIONS\MICROSOFT\LIVESHARE.VSCORE\Microsoft.VisualStudio.LiveShare.Workspace.VSCore.dll
 - C:\PROGRAM FILES\MICROSOFT VISUAL STUDIO\2022\COMMUNITY\COMMON7\IDE\EXTENSIONS\MICROSOFT\WEB TOOLS SHARED\Microsoft.WebTools.Shared.CPS.VS.dll
 - C:\PROGRAM FILES\MICROSOFT VISUAL STUDIO\2022\COMMUNITY\COMMON7\IDE\COMMONEXTENSIONS\MICROSOFT\CMAKE\Microsoft.VisualStudio.CMake.Package.dll
 - C:\PROGRAM FILES\MICROSOFT VISUAL STUDIO\2022\COMMUNITY\COMMON7\IDE\COMMONEXTENSIONS\MICROSOFT\NAVIGATETO\Microsoft.VisualStudio.Language.NavigateTo.Implementation.dll
 - C:\PROGRAM FILES\MICROSOFT VISUAL STUDIO\2022\COMMUNITY\COMMON7\IDE\COMMONEXTENSIONS\MICROSOFT\VBCSHARP\LANGUAGESERVICES\Microsoft.VisualStudio.LanguageServices.Implementation.dll
 - C:\PROGRAM FILES\MICROSOFT VISUAL STUDIO\2022\COMMUNITY\COMMON7\IDE\COMMONEXTENSIONS\MICROSOFT\TEAMFOUNDATION\TEAM EXPLORER\Microsoft.TeamFoundation.Controls.dll
 - C:\PROGRAM FILES\MICROSOFT VISUAL STUDIO\2022\COMMUNITY\COMMON7\IDE\EXTENSIONS\MICROSOFT\LIVESHARE.VSCORE\Microsoft.VisualStudio.LiveShare.ServiceBrokerIntegration.VSCore.dll
 - C:\PROGRAM FILES\MICROSOFT VISUAL STUDIO\2022\COMMUNITY\COMMON7\IDE\COMMONEXTENSIONS\MICROSOFT\EDITOR\Microsoft.VisualStudio.Text.Data.dll
 - C:\PROGRAM FILES\MICROSOFT VISUAL STUDIO\2022\COMMUNITY\COMMON7\IDE\EXTENSIONS\MICROSOFT\WEB TOOLS\TaskRunnerExplorer\Microsoft.WebTools.TaskRunnerExplorer.Extensions.dll
 - C:\PROGRAM FILES\MICROSOFT VISUAL STUDIO\2022\COMMUNITY\COMMON7\IDE\EXTENSIONS\MICROSOFT\WEB TOOLS\Scaffolding\Microsoft.AspNet.Scaffolding.EntityFramework.12.0.dll
 - C:\PROGRAM FILES\MICROSOFT VISUAL STUDIO\2022\COMMUNITY\COMMON7\IDE\COMMONEXTENSIONS\MICROSOFT\EDITOR\Microsoft.VisualStudio.Text.UI.dll
 - C:\PROGRAM FILES\MICROSOFT VISUAL STUDIO\2022\COMMUNITY\COMMON7\IDE\COMMONEXTENSIONS\MICROSOFT\LANGUAGE\GENERATETYPE\Microsoft.VisualStudio.Language.GenerateType.Implementation.dll
 - C:\PROGRAM FILES\MICROSOFT VISUAL STUDIO\2022\COMMUNITY\COMMON7\IDE\EXTENSIONS\MICROSOFT\WEB TOOLS\CodeGenerators\Microsoft.WebTools.CodeGenerators.dll
 - C:\USERS\AAMG\APPDATA\LOCAL\MICROSOFT\VISUALSTUDIO\17.0_5C303FC9\EXTENSIONS\YJC3OYJG.M0F\Viasfora.dll
 - C:\PROGRAM FILES\MICROSOFT VISUAL STUDIO\2022\COMMUNITY\COMMON7\IDE\EXTENSIONS\MICROSOFT\WEB TOOLS\Scaffolding\Microsoft.AspNet.Scaffolding.12.0.dll
 - C:\PROGRAM FILES\MICROSOFT VISUAL STUDIO\2022\COMMUNITY\COMMON7\IDE\EXTENSIONS\MICROSOFT\LIVESHARE.VSCORE\Microsoft.VisualStudio.LanguageServices.Remote.CSharpLanguageServiceFactories.VSCore.dll
 - C:\PROGRAM FILES\MICROSOFT VISUAL STUDIO\2022\COMMUNITY\COMMON7\IDE\COMMONEXTENSIONS\MICROSOFT\SEARCH\Microsoft.VisualStudio.Search.Implementation.dll
 - C:\PROGRAM FILES\MICROSOFT VISUAL STUDIO\2022\COMMUNITY\COMMON7\IDE\EXTENSIONS\MICROSOFT\LIVESHARE\Microsoft.VisualStudio.LiveShare.ToolWindow.UI.dll
 - C:\PROGRAM FILES\MICROSOFT VISUAL STUDIO\2022\COMMUNITY\COMMON7\IDE\COMMONEXTENSIONS\PLATFORM\CPUSAMPLING\Microsoft.DiagnosticsHub.CpuSampling.dll
 - C:\PROGRAM FILES\MICROSOFT VISUAL STUDIO\2022\COMMUNITY\COMMON7\IDE\COMMONEXTENSIONS\MICROSOFT\CODEANALYSIS\Microsoft.VisualStudio.CodeAnalysis.VCPlugin.dll
 - C:\PROGRAM FILES\MICROSOFT VISUAL STUDIO\2022\COMMUNITY\COMMON7\IDE\COMMONEXTENSIONS\MICROSOFT\CMAKE\CLIENT\Microsoft.VisualStudio.CMake.Client.dll
 - C:\PROGRAM FILES\MICROSOFT VISUAL STUDIO\2022\COMMUNITY\COMMON7\IDE\COMMONEXTENSIONS\MICROSOFT\VC\..\..\..\Microsoft.VisualStudio.VC.dll
 - C:\PROGRAM FILES\MICROSOFT VISUAL STUDIO\2022\COMMUNITY\COMMON7\IDE\COMMONEXTENSIONS\MICROSOFT\VC\EDITOR\Microsoft.VisualC.Editor.Implementation.dll
 - C:\PROGRAM FILES\MICROSOFT VISUAL STUDIO\2022\COMMUNITY\COMMON7\IDE\COMMONEXTENSIONS\MICROSOFT\TEAMFOUNDATION\TEAM EXPLORER\Microsoft.VisualStudio.TeamFoundation.SharePointReporting.dll
 - C:\PROGRAM FILES\MICROSOFT VISUAL STUDIO\2022\COMMUNITY\COMMON7\IDE\COMMONEXTENSIONS\MICROSOFT\TEXTMATE\Microsoft.VisualStudio.TextMate.Core.dll
 - C:\Program Files\Microsoft Visual Studio\2022\Community\Common7\IDE\PrivateAssemblies\Microsoft.VisualStudio.ComponentModelHost.Implementation.dll
 - C:\PROGRAM FILES\MICROSOFT VISUAL STUDIO\2022\COMMUNITY\COMMON7\IDE\COMMONEXTENSIONS\MICROSOFT\TEAMFOUNDATION\TEAM EXPLORER\Microsoft.VisualStudio.ContextManagement.Package.dll
 - C:\PROGRAM FILES\MICROSOFT VISUAL STUDIO\2022\COMMUNITY\COMMON7\IDE\COMMONEXTENSIONS\MICROSOFT\VBCSHARP\LANGUAGESERVICES\Microsoft.CodeAnalysis.VisualBasic.EditorFeatures.dll
 - C:\PROGRAM FILES\MICROSOFT VISUAL STUDIO\2022\COMMUNITY\COMMON7\IDE\COMMONEXTENSIONS\MICROSOFT\INTERACTIVEWINDOW\Microsoft.VisualStudio.InteractiveWindow.dll
 - C:\PROGRAM FILES\MICROSOFT VISUAL STUDIO\2022\COMMUNITY\COMMON7\IDE\COMMONEXTENSIONS\MICROSOFT\VBCSHARP\LANGUAGESERVICES\Microsoft.CodeAnalysis.EditorFeatures.Text.dll
 - C:\PROGRAM FILES\MICROSOFT VISUAL STUDIO\2022\COMMUNITY\COMMON7\IDE\COMMONEXTENSIONS\MICROSOFT\TEAMFOUNDATION\TEAM EXPLORER\Microsoft.TeamFoundation.CodeReview.Controls.dll
 - C:\PROGRAM FILES\MICROSOFT VISUAL STUDIO\2022\COMMUNITY\COMMON7\IDE\COMMONEXTENSIONS\PLATFORM\PARALLELDEBUGGER\Microsoft.VisualStudio.Debugger.Parallel.Extension.dll
 - C:\PROGRAM FILES\MICROSOFT VISUAL STUDIO\2022\COMMUNITY\COMMON7\IDE\COMMONEXTENSIONS\PLATFORM\TREENAVIGATION\Microsoft.VisualStudio.Shell.TreeNavigation.HierarchyProvider.dll
 - C:\PROGRAM FILES\MICROSOFT VISUAL STUDIO\2022\COMMUNITY\COMMON7\IDE\COMMONEXTENSIONS\MICROSOFT\REFERENCEMANAGER\Microsoft.VisualStudio.ReferenceManager.Dialog.dll
 - C:\PROGRAM FILES\MICROSOFT VISUAL STUDIO\2022\COMMUNITY\COMMON7\IDE\COMMONEXTENSIONS\MICROSOFT\EDITOR\Microsoft.VisualStudio.Editor.dll
 - C:\PROGRAM FILES\MICROSOFT VISUAL STUDIO\2022\COMMUNITY\COMMON7\IDE\EXTENSIONS\MICROSOFT\WEB TOOLS\AZURE\Microsoft.WebTools.Azure.Client.dll
 - C:\USERS\AAMG\APPDATA\LOCAL\MICROSOFT\VISUALSTUDIO\17.0_5C303FC9\EXTENSIONS\YJC3OYJG.M0F\Viasfora.Languages.dll
 - C:\PROGRAM FILES\MICROSOFT VISUAL STUDIO\2022\COMMUNITY\COMMON7\IDE\COMMONEXTENSIONS\MICROSOFT\VBCSHARP\LANGUAGESERVICES\Microsoft.CodeAnalysis.ExternalAccess.FSharp.dll
 - C:\PROGRAM FILES\MICROSOFT VISUAL STUDIO\2022\COMMUNITY\COMMON7\IDE\COMMONEXTENSIONS\MICROSOFT\VBCSHARP\LANGUAGESERVICES\Microsoft.VisualStudio.LanguageServices.LiveShare.dll
 - C:\PROGRAM FILES\MICROSOFT VISUAL STUDIO\2022\COMMUNITY\COMMON7\IDE\COMMONEXTENSIONS\MICROSOFT\TEAMFOUNDATION\TEAM EXPLORER\Microsoft.TeamFoundation.Build.Controls.dll
 - C:\Program Files\Microsoft Visual Studio\2022\Community\\Common7\IDE\CommonExtensions\Microsoft\TestWindow\Microsoft.VisualStudio.MSTest.TestWindow.dll
 - C:\PROGRAM FILES\MICROSOFT VISUAL STUDIO\2022\COMMUNITY\COMMON7\IDE\EXTENSIONS\MICROSOFT\DEBUGGERSERVICES\Microsoft.VisualStudio.Debugger.Shared.dll
 - C:\PROGRAM FILES\MICROSOFT VISUAL STUDIO\2022\COMMUNITY\COMMON7\IDE\COMMONEXTENSIONS\MICROSOFT\TESTWINDOW\Microsoft.VisualStudio.TestWindow.VSTest.dll
 - C:\PROGRAM FILES\MICROSOFT VISUAL STUDIO\2022\COMMUNITY\COMMON7\IDE\COMMONEXTENSIONS\MICROSOFT\PERFORMANCE TOOLS\Microsoft.VisualStudio.PerformanceTools.EditorIntegration.dll
 - C:\PROGRAM FILES\MICROSOFT VISUAL STUDIO\2022\COMMUNITY\COMMON7\IDE\EXTENSIONS\MICROSOFT\INTELLICODE.CSHARP\Microsoft.VisualStudio.IntelliCode.CSharp.dll
 - C:\Program Files\Microsoft Visual Studio\2022\Community\\Common7\IDE\CommonExtensions\Microsoft\TestWindow\Microsoft.VisualStudio.TestPlatform.ObjectModel.dll
 - C:\PROGRAM FILES\MICROSOFT VISUAL STUDIO\2022\COMMUNITY\COMMON7\IDE\EXTENSIONS\MICROSOFT\JAVASCRIPT\Microsoft.VisualStudio.JavaScript.TestAdapter.dll
 - C:\Program Files\Microsoft Visual Studio\2022\Community\Common7\IDE\PrivateAssemblies\Microsoft.VisualStudio.Diagnostics.HubExtensions.dll
 - C:\PROGRAM FILES\MICROSOFT VISUAL STUDIO\2022\COMMUNITY\COMMON7\IDE\EXTENSIONS\WXDPPA1A.I5O\BoostTestAdapter.dll
 - C:\PROGRAM FILES\MICROSOFT VISUAL STUDIO\2022\COMMUNITY\COMMON7\IDE\EXTENSIONS\MICROSOFT\LIVESHARE.VSCORE\Microsoft.VisualStudio.LiveShare.DebuggerService.VSCore.dll
 - C:\PROGRAM FILES\MICROSOFT VISUAL STUDIO\2022\COMMUNITY\COMMON7\IDE\COMMONEXTENSIONS\PLATFORM\INSTRUMENTATION\Microsoft.DiagnosticsHub.Instrumentation.dll
 - C:\PROGRAM FILES\MICROSOFT VISUAL STUDIO\2022\COMMUNITY\COMMON7\IDE\COMMONEXTENSIONS\MICROSOFT\EDITOR\Microsoft.VisualStudio.Diff.dll
 - C:\PROGRAM FILES\MICROSOFT VISUAL STUDIO\2022\COMMUNITY\COMMON7\IDE\COMMONEXTENSIONS\MICROSOFT\EBF\Microsoft.VisualStudio.Workspace.ExternalBuildFramework.dll
 - C:\PROGRAM FILES\MICROSOFT VISUAL STUDIO\2022\COMMUNITY\COMMON7\IDE\EXTENSIONS\MICROSOFT\LIVESHARE.VSCORE\Microsoft.VisualStudio.LanguageServices.LanguageExtension.VSCore.dll
 - C:\PROGRAM FILES\MICROSOFT VISUAL STUDIO\2022\COMMUNITY\COMMON7\IDE\COMMONEXTENSIONS\MICROSOFT\OPENFOLDER\Microsoft.VisualStudio.Workspace.Extensions.Implementation.VS.dll
 - C:\PROGRAM FILES\MICROSOFT VISUAL STUDIO\2022\COMMUNITY\COMMON7\IDE\EXTENSIONS\MICROSOFT\WEB TOOLS\Browser Link\Microsoft.WebTools.BrowserLink.dll
 - C:\PROGRAM FILES\MICROSOFT VISUAL STUDIO\2022\COMMUNITY\COMMON7\IDE\EXTENSIONS\MICROSOFT\LIVESHARE.VSCORE\Microsoft.VisualStudio.LiveShare.CPS.VSCore.dll
 - C:\PROGRAM FILES\MICROSOFT VISUAL STUDIO\2022\COMMUNITY\COMMON7\IDE\EXTENSIONS\MICROSOFT\WEB TOOLS\Scaffolding\Microsoft.WebTools.Scaffolding.Shared.dll
 - C:\PROGRAM FILES\MICROSOFT VISUAL STUDIO\2022\COMMUNITY\COMMON7\IDE\COMMONEXTENSIONS\MICROSOFT\INTERACTIVEWINDOW\Microsoft.VisualStudio.VsInteractiveWindow.dll
 - C:\PROGRAM FILES\MICROSOFT VISUAL STUDIO\2022\COMMUNITY\COMMON7\IDE\COMMONEXTENSIONS\MICROSOFT\NUGET\NuGet.Tools.dll
 - C:\PROGRAM FILES\MICROSOFT VISUAL STUDIO\2022\COMMUNITY\COMMON7\IDE\EXTENSIONS\MICROSOFT\LIVESHARE\Microsoft.VisualStudio.LiveShare.Razor.dll
 - C:\PROGRAM FILES\MICROSOFT VISUAL STUDIO\2022\COMMUNITY\COMMON7\IDE\COMMONEXTENSIONS\MICROSOFT\OPENFOLDER\Microsoft.VisualStudio.Workspace.VSIntegration.dll
 - C:\Program Files\Microsoft Visual Studio\2022\Community\\Common7\IDE\CommonExtensions\Microsoft\TestWindow\Microsoft.VisualStudio.TestWindow.CppUnitTestExtension.dll
 - C:\PROGRAM FILES\MICROSOFT VISUAL STUDIO\2022\COMMUNITY\COMMON7\IDE\COMMONEXTENSIONS\PLATFORM\INSTRUMENTATION\ICECAP\Microsoft.DiagnosticsHub.IceCap.Instrumentation.dll
 - C:\PROGRAM FILES\MICROSOFT VISUAL STUDIO\2022\COMMUNITY\COMMON7\IDE\EXTENSIONS\MICROSOFT\WEB TOOLS\Languages\Microsoft.WebTools.Languages.LanguageServer.Delegation.dll
 - C:\PROGRAM FILES\MICROSOFT VISUAL STUDIO\2022\COMMUNITY\COMMON7\IDE\EXTENSIONS\MICROSOFT\LIVESHARE\Microsoft.VisualStudio.LiveShare.VSTerminalService.16.9.dll
 - C:\PROGRAM FILES\MICROSOFT VISUAL STUDIO\2022\COMMUNITY\COMMON7\IDE\EXTENSIONS\MICROSOFT\JAVASCRIPT\Microsoft.VisualStudio.JavaScript.TestAdapterImpl.dll
 - C:\PROGRAM FILES\MICROSOFT VISUAL STUDIO\2022\COMMUNITY\COMMON7\IDE\EXTENSIONS\MICROSOFT\WEB TOOLS\Shared\Microsoft.WebTools.Shared.Web.VS.dll
 - C:\USERS\AAMG\APPDATA\LOCAL\MICROSOFT\VISUALSTUDIO\17.0_5C303FC9\EXTENSIONS\YJC3OYJG.M0F\Viasfora.Xml.dll
 - C:\PROGRAM FILES\MICROSOFT VISUAL STUDIO\2022\COMMUNITY\COMMON7\IDE\COMMONEXTENSIONS\MICROSOFT\LANGUAGESERVER\Microsoft.VisualStudio.LanguageServer.Client.Implementation.dll
 - C:\PROGRAM FILES\MICROSOFT VISUAL STUDIO\2022\COMMUNITY\COMMON7\IDE\EXTENSIONS\MICROSOFT\WEB TOOLS\Scaffolding\Microsoft.WebTools.Scaffolding.VS.dll
 - C:\PROGRAM FILES\MICROSOFT VISUAL STUDIO\2022\COMMUNITY\COMMON7\IDE\COMMONEXTENSIONS\PLATFORM\DEBUGGER\Microsoft.VisualStudio.Debugger.TerminalLauncher.dll
 - C:\PROGRAM FILES\MICROSOFT VISUAL STUDIO\2022\COMMUNITY\COMMON7\IDE\COMMONEXTENSIONS\MICROSOFT\VBCSHARP\LANGUAGESERVICES\Microsoft.VisualStudio.LanguageServices.dll
 - C:\PROGRAM FILES\MICROSOFT VISUAL STUDIO\2022\COMMUNITY\COMMON7\IDE\COMMONEXTENSIONS\MICROSOFT\OPENFOLDER\Microsoft.VisualStudio.Workspace.Extensions.Implementation.dll
 - C:\PROGRAM FILES\MICROSOFT VISUAL STUDIO\2022\COMMUNITY\COMMON7\IDE\COMMONEXTENSIONS\MICROSOFT\VBCSHARP\LANGUAGESERVICES\Microsoft.CodeAnalysis.EditorFeatures.Wpf.dll
 - C:\PROGRAM FILES\MICROSOFT VISUAL STUDIO\2022\COMMUNITY\COMMON7\IDE\COMMONEXTENSIONS\MICROSOFT\TEAMFOUNDATION\TEAM EXPLORER\Microsoft.VisualStudio.Commenting.Presentation.dll
 - C:\PROGRAM FILES\MICROSOFT VISUAL STUDIO\2022\COMMUNITY\COMMON7\IDE\COMMONEXTENSIONS\PLATFORM\CPPBUILDINSIGHTS\Microsoft.VisualStudio.CppBuildInsightsTool.dll
 - C:\PROGRAM FILES\MICROSOFT VISUAL STUDIO\2022\COMMUNITY\COMMON7\IDE\EXTENSIONS\MICROSOFT\WEB TOOLS\TaskRunnerExplorer\Microsoft.WebTools.TaskRunnerExplorer.dll
 - C:\PROGRAM FILES\MICROSOFT VISUAL STUDIO\2022\COMMUNITY\COMMON7\IDE\COMMONEXTENSIONS\DATADESIGN\Microsoft.VisualStudio.DataDesign.DataSourceProviders.dll
 - C:\PROGRAM FILES\MICROSOFT VISUAL STUDIO\2022\COMMUNITY\COMMON7\IDE\COMMONEXTENSIONS\MICROSOFT\VBCSHARP\LANGUAGESERVICES\Microsoft.CodeAnalysis.VisualBasic.Features.dll
 - C:\PROGRAM FILES\MICROSOFT VISUAL STUDIO\2022\COMMUNITY\COMMON7\IDE\COMMONEXTENSIONS\MICROSOFT\VBCSHARP\LANGUAGESERVICES\Microsoft.CodeAnalysis.Workspaces.dll
 - C:\PROGRAM FILES\MICROSOFT VISUAL STUDIO\2022\COMMUNITY\COMMON7\IDE\EXTENSIONS\MICROSOFT\WEB TOOLS\Languages\Microsoft.WebTools.Languages.Html.Editor.dll
 - C:\PROGRAM FILES\MICROSOFT VISUAL STUDIO\2022\COMMUNITY\COMMON7\IDE\COMMONEXTENSIONS\MICROSOFT\PROJECTSYSTEMQUERY\Microsoft.VisualStudio.ProjectSystem.Query.dll
 - C:\Users\aamg\AppData\Local\Microsoft\VisualStudio\17.0_5c303fc9\Extensions\u1tdfvwp.klt\VSColorOutput64.dll
 - C:\PROGRAM FILES\MICROSOFT VISUAL STUDIO\2022\COMMUNITY\COMMON7\IDE\COMMONEXTENSIONS\MICROSOFT\VBCSHARP\LANGUAGESERVICES\Microsoft.CodeAnalysis.EditorFeatures.dll
 - C:\PROGRAM FILES\MICROSOFT VISUAL STUDIO\2022\COMMUNITY\COMMON7\IDE\COMMONEXTENSIONS\MICROSOFT\EDITOR\Microsoft.VisualStudio.Language.Intellisense.dll
 - C:\PROGRAM FILES\MICROSOFT VISUAL STUDIO\2022\COMMUNITY\COMMON7\IDE\EXTENSIONS\MICROSOFT\WEB TOOLS SHARED\Microsoft.WebTools.Shared.VS.dll
 - C:\PROGRAM FILES\MICROSOFT VISUAL STUDIO\2022\COMMUNITY\COMMON7\IDE\COMMONEXTENSIONS\MICROSOFT\TEAMFOUNDATION\TEAM EXPLORER\Microsoft.VisualStudio.TeamFoundation.NuGetCredentialProvider.dll
 - C:\PROGRAM FILES\MICROSOFT VISUAL STUDIO\2022\COMMUNITY\COMMON7\IDE\EXTENSIONS\MICROSOFT\LIVESHARE\Microsoft.VisualStudio.LiveShare.Client.dll
 - C:\PROGRAM FILES\MICROSOFT VISUAL STUDIO\2022\COMMUNITY\COMMON7\IDE\COMMONEXTENSIONS\MICROSOFT\TESTWINDOW\Microsoft.VisualStudio.TestWindow.Interfaces.dll
 - C:\PROGRAM FILES\MICROSOFT VISUAL STUDIO\2022\COMMUNITY\COMMON7\IDE\COMMONEXTENSIONS\MICROSOFT\EDITOR\Microsoft.VisualStudio.Text.UI.Wpf.dll
 - C:\PROGRAM FILES\MICROSOFT VISUAL STUDIO\2022\COMMUNITY\COMMON7\IDE\EXTENSIONS\MICROSOFT\WEB TOOLS\AZURE\Microsoft.WebTools.Azure.VS.dll
 - C:\PROGRAM FILES\MICROSOFT VISUAL STUDIO\2022\COMMUNITY\COMMON7\IDE\COMMONEXTENSIONS\MICROSOFT\VC\PROJECT\Microsoft.VisualStudio.Project.VisualC.VCProjectEngine.dll
 - C:\PROGRAM FILES\MICROSOFT VISUAL STUDIO\2022\COMMUNITY\COMMON7\IDE\EXTENSIONS\MICROSOFT\WEB TOOLS\Languages\Microsoft.WebTools.Languages.Css.Editor.dll
 - C:\PROGRAM FILES\MICROSOFT VISUAL STUDIO\2022\COMMUNITY\COMMON7\IDE\COMMONEXTENSIONS\PLATFORM\SHELL\..\..\..\PrivateAssemblies\Microsoft.VisualStudio.CommonIDE.dll
 - C:\PROGRAM FILES\MICROSOFT VISUAL STUDIO\2022\COMMUNITY\COMMON7\IDE\COMMONEXTENSIONS\PLATFORM\TREENAVIGATION\GRAPHPROVIDER\Microsoft.VisualStudio.Shell.TreeNavigation.GraphProvider.dll
 - C:\PROGRAM FILES\MICROSOFT VISUAL STUDIO\2022\COMMUNITY\COMMON7\IDE\EXTENSIONS\MICROSOFT\WEB TOOLS\Publish\Microsoft.Publish.Framework.Web.dll
 - C:\PROGRAM FILES\MICROSOFT VISUAL STUDIO\2022\COMMUNITY\COMMON7\IDE\EXTENSIONS\MICROSOFT\LIVESHARE\Microsoft.VisualStudio.LiveShare.Search.16.0.dll
 - C:\PROGRAM FILES\MICROSOFT VISUAL STUDIO\2022\COMMUNITY\COMMON7\IDE\EXTENSIONS\MICROSOFT\DEBUGGERSERVICES\Microsoft.VisualStudio.Debugger.BrokeredServices.dll
 - C:\PROGRAM FILES\MICROSOFT VISUAL STUDIO\2022\COMMUNITY\COMMON7\IDE\COMMONEXTENSIONS\MICROSOFT\TESTWINDOW\Microsoft.VisualStudio.TestWindow.Internal.dll
 - C:\USERS\AAMG\APPDATA\LOCAL\MICROSOFT\VISUALSTUDIO\17.0_5C303FC9\EXTENSIONS\YJC3OYJG.M0F\Viasfora.Rainbow.dll
 - C:\PROGRAM FILES\MICROSOFT VISUAL STUDIO\2022\COMMUNITY\COMMON7\IDE\COMMONEXTENSIONS\MICROSOFT\CALLHIERARCHY\Microsoft.VisualStudio.Language.CallHierarchy.dll
 - C:\PROGRAM FILES\MICROSOFT VISUAL STUDIO\2022\COMMUNITY\COMMON7\IDE\EXTENSIONS\MICROSOFT\WEB TOOLS\Languages\Microsoft.WebTools.Languages.Json.Editor.dll
 - C:\PROGRAM FILES\MICROSOFT VISUAL STUDIO\2022\COMMUNITY\COMMON7\IDE\COMMONEXTENSIONS\MICROSOFT\VBCSHARP\LANGUAGESERVICES\Microsoft.CodeAnalysis.ExternalAccess.Razor.dll
 - C:\PROGRAM FILES\MICROSOFT VISUAL STUDIO\2022\COMMUNITY\COMMON7\IDE\COMMONEXTENSIONS\MICROSOFT\CODEANALYSIS\..\..\..\PrivateAssemblies\StanCore.dll
 - C:\PROGRAM FILES\MICROSOFT VISUAL STUDIO\2022\COMMUNITY\COMMON7\IDE\EXTENSIONS\MICROSOFT\LIVESHARE\Microsoft.VisualStudio.LiveShare.FeedbackDiagnostics.dll
 - C:\PROGRAM FILES\MICROSOFT VISUAL STUDIO\2022\COMMUNITY\COMMON7\IDE\EXTENSIONS\MICROSOFT\CODESENSE\FRAMEWORK\Microsoft.VisualStudio.CodeSense.Roslyn.dll
 - C:\PROGRAM FILES\MICROSOFT VISUAL STUDIO\2022\COMMUNITY\COMMON7\IDE\COMMONEXTENSIONS\MICROSOFT\PROJECTSYSTEMQUERY\Microsoft.VisualStudio.ProjectSystem.Query.VS.dll
 - C:\PROGRAM FILES\MICROSOFT VISUAL STUDIO\2022\COMMUNITY\COMMON7\IDE\COMMONEXTENSIONS\PLATFORM\SHELL\..\..\..\PrivateAssemblies\Microsoft.VisualStudio.Dialogs.dll
 - C:\PROGRAM FILES\MICROSOFT VISUAL STUDIO\2022\COMMUNITY\COMMON7\IDE\COMMONEXTENSIONS\MICROSOFT\TESTWINDOW\Microsoft.VisualStudio.TestWindow.dll
 - C:\PROGRAM FILES\MICROSOFT VISUAL STUDIO\2022\COMMUNITY\COMMON7\IDE\COMMONEXTENSIONS\MICROSOFT\TESTWINDOW\Microsoft.VisualStudio.TestWindow.Core.dll
 - C:\PROGRAM FILES\MICROSOFT VISUAL STUDIO\2022\COMMUNITY\COMMON7\IDE\COMMONEXTENSIONS\MICROSOFT\TYPESCRIPT\Microsoft.CodeAnalysis.TypeScript.EditorFeatures.dll
 - C:\PROGRAM FILES\MICROSOFT VISUAL STUDIO\2022\COMMUNITY\COMMON7\IDE\EXTENSIONS\MICROSOFT\WEB TOOLS\Browser Link\Microsoft.WebTools.BrowserLink.Package.dll
 - C:\PROGRAM FILES\MICROSOFT VISUAL STUDIO\2022\COMMUNITY\COMMON7\IDE\COMMONEXTENSIONS\MICROSOFT\TEAMFOUNDATION\TEAM EXPLORER\Microsoft.VisualStudio.Merge.dll
 - C:\PROGRAM FILES\MICROSOFT VISUAL STUDIO\2022\COMMUNITY\COMMON7\IDE\COMMONEXTENSIONS\MICROSOFT\VBCSHARP\LANGUAGESERVICES\Microsoft.VisualStudio.LanguageServices.Xaml.dll
 - C:\PROGRAM FILES\MICROSOFT VISUAL STUDIO\2022\COMMUNITY\COMMON7\IDE\COMMONEXTENSIONS\MICROSOFT\VBCSHARP\LANGUAGESERVICES\Microsoft.CodeAnalysis.CSharp.EditorFeatures.dll
 - C:\PROGRAM FILES\MICROSOFT VISUAL STUDIO\2022\COMMUNITY\COMMON7\IDE\COMMONEXTENSIONS\MICROSOFT\VBCSHARP\LANGUAGESERVICES\Microsoft.CodeAnalysis.ExternalAccess.Apex.dll
 - C:\PROGRAM FILES\MICROSOFT VISUAL STUDIO\2022\COMMUNITY\COMMON7\IDE\COMMONEXTENSIONS\MICROSOFT\NUGET\NuGet.PackageManagement.VisualStudio.dll
 - C:\PROGRAM FILES\MICROSOFT VISUAL STUDIO\2022\COMMUNITY\COMMON7\IDE\COMMONEXTENSIONS\MICROSOFT\VBCSHARP\LANGUAGESERVICES\Microsoft.CodeAnalysis.CSharp.Features.dll
 - C:\PROGRAM FILES\MICROSOFT VISUAL STUDIO\2022\COMMUNITY\COMMON7\IDE\COMMONEXTENSIONS\MICROSOFT\NUGET\NuGet.SolutionRestoreManager.dll
 - C:\PROGRAM FILES\MICROSOFT VISUAL STUDIO\2022\COMMUNITY\COMMON7\IDE\COMMONEXTENSIONS\MICROSOFT\VBCSHARP\LANGUAGESERVICES\Microsoft.CodeAnalysis.Features.dll
 - C:\PROGRAM FILES\MICROSOFT VISUAL STUDIO\2022\COMMUNITY\COMMON7\IDE\COMMONEXTENSIONS\MICROSOFT\SEARCH\Microsoft.VisualStudio.Platform.SearchProviders.dll
 - C:\PROGRAM FILES\MICROSOFT VISUAL STUDIO\2022\COMMUNITY\COMMON7\IDE\COMMONEXTENSIONS\MICROSOFT\VBCSHARP\LANGUAGESERVICES\Microsoft.VisualStudio.LanguageServices.CSharp.dll
 - C:\PROGRAM FILES\MICROSOFT VISUAL STUDIO\2022\COMMUNITY\COMMON7\IDE\COMMONEXTENSIONS\DATADESIGN\Microsoft.VisualStudio.DataDesign.WpfComponents.dll
 - C:\PROGRAM FILES\MICROSOFT VISUAL STUDIO\2022\COMMUNITY\COMMON7\IDE\COMMONEXTENSIONS\MICROSOFT\LANGUAGESERVER\Microsoft.VisualStudio.LanguageServer.Client.dll
 - C:\PROGRAM FILES\MICROSOFT VISUAL STUDIO\2022\COMMUNITY\COMMON7\IDE\COMMONEXTENSIONS\PLATFORM\SHELL\..\..\..\PrivateAssemblies\Microsoft.ServiceHub.Framework.dll
 - C:\PROGRAM FILES\MICROSOFT VISUAL STUDIO\2022\COMMUNITY\COMMON7\IDE\EXTENSIONS\MICROSOFT\WEB TOOLS\Project\Microsoft.VisualStudio.Web.Project.dll
 - C:\USERS\AAMG\APPDATA\LOCAL\MICROSOFT\VISUALSTUDIO\17.0_5C303FC9\EXTENSIONS\YJC3OYJG.M0F\Viasfora.Core.dll
 - C:\PROGRAM FILES\MICROSOFT VISUAL STUDIO\2022\COMMUNITY\COMMON7\IDE\EXTENSIONS\MICROSOFT\WEB TOOLS\ProjectSystem\Microsoft.WebTools.ProjectSystem.dll
 - C:\USERS\AAMG\APPDATA\LOCAL\MICROSOFT\VISUALSTUDIO\17.0_5C303FC9\EXTENSIONS\KAOOOUXG.BFS\VsVim.dll
 - C:\PROGRAM FILES\MICROSOFT VISUAL STUDIO\2022\COMMUNITY\COMMON7\IDE\COMMONEXTENSIONS\MICROSOFT\CODINGCONVENTIONS\..\..\..\PublicAssemblies\Microsoft.VisualStudio.CodingConventions.dll
 - C:\PROGRAM FILES\MICROSOFT VISUAL STUDIO\2022\COMMUNITY\COMMON7\IDE\EXTENSIONS\MICROSOFT\LIVESHARE\Microsoft.VisualStudio.LiveShare.ExceptionHelper.dll
 - C:\PROGRAM FILES\MICROSOFT VISUAL STUDIO\2022\COMMUNITY\COMMON7\IDE\COMMONEXTENSIONS\MICROSOFT\NUGET\NuGet.PackageManagement.dll
 - C:\PROGRAM FILES\MICROSOFT VISUAL STUDIO\2022\COMMUNITY\COMMON7\IDE\COMMONEXTENSIONS\MICROSOFT\MARKDOWN\Microsoft.VisualStudio.Markdown.Platform.dll
 - C:\PROGRAM FILES\MICROSOFT VISUAL STUDIO\2022\COMMUNITY\COMMON7\IDE\EXTENSIONS\MICROSOFT\LIVESHARE\Microsoft.VisualStudio.LiveShare.DebuggerService.Server.dll
 - C:\PROGRAM FILES\MICROSOFT VISUAL STUDIO\2022\COMMUNITY\COMMON7\IDE\COMMONEXTENSIONS\MICROSOFT\EDITOR\Microsoft.VisualStudio.CoreUtility.dll
 - C:\PROGRAM FILES\MICROSOFT VISUAL STUDIO\2022\COMMUNITY\COMMON7\IDE\COMMONEXTENSIONS\MICROSOFT\TEAMFOUNDATION\TEAM EXPLORER\Microsoft.VisualStudio.CodeReview.dll
 - C:\PROGRAM FILES\MICROSOFT VISUAL STUDIO\2022\COMMUNITY\COMMON7\IDE\COMMONEXTENSIONS\MICROSOFT\VBCSHARP\LANGUAGESERVICES\Microsoft.VisualStudio.LanguageServices.VisualBasic.dll
 - C:\PROGRAM FILES\MICROSOFT VISUAL STUDIO\2022\COMMUNITY\COMMON7\IDE\COMMONEXTENSIONS\MICROSOFT\VBCSHARP\LANGUAGESERVICES\Microsoft.CodeAnalysis.VisualBasic.Workspaces.dll
 - C:\PROGRAM FILES\MICROSOFT VISUAL STUDIO\2022\COMMUNITY\COMMON7\IDE\COMMONEXTENSIONS\MICROSOFT\ARCHITECTURE TOOLS\PROVIDERS\MANAGEDPROVIDER\Microsoft.VisualStudio.Progression.ManagedProvider.dll
 - C:\PROGRAM FILES\MICROSOFT VISUAL STUDIO\2022\COMMUNITY\COMMON7\IDE\EXTENSIONS\MICROSOFT\WEB TOOLS\Languages\Microsoft.WebTools.Languages.Json.VS.dll
 - C:\PROGRAM FILES\MICROSOFT VISUAL STUDIO\2022\COMMUNITY\COMMON7\IDE\COMMONEXTENSIONS\MICROSOFT\TEAMFOUNDATION\TEAM EXPLORER\Microsoft.VisualStudio.TeamFoundation.WorkItemTracking.dll
 - C:\PROGRAM FILES\MICROSOFT VISUAL STUDIO\2022\COMMUNITY\COMMON7\IDE\EXTENSIONS\MICROSOFT\WEB TOOLS\Languages\Microsoft.WebTools.Languages.Html.VS.dll
 - C:\PROGRAM FILES\MICROSOFT VISUAL STUDIO\2022\COMMUNITY\COMMON7\IDE\EXTENSIONS\MICROSOFT\LIVESHARE.VSCORE\Microsoft.VisualStudio.LanguageServices.Remote.VSCore.dll
 - C:\PROGRAM FILES\MICROSOFT VISUAL STUDIO\2022\COMMUNITY\COMMON7\IDE\EXTENSIONS\MICROSOFT\INTELLICODE\Microsoft.VisualStudio.IntelliCode.dll
 - C:\PROGRAM FILES\MICROSOFT VISUAL STUDIO\2022\COMMUNITY\COMMON7\IDE\COMMONEXTENSIONS\MICROSOFT\TEXTMATE\Microsoft.VisualStudio.TextMate.VSWindows.dll
---------- Unused assemblies ----------
